<?xml version="1.0" encoding="UTF-8"?>
<robot generator="Robot 5.0.1 (Python 3.10.5 on win32)" generated="20220906 23:56:01.462" rpa="false" schemaversion="3">
<suite id="s1" name="Index" source="C:\Users\mlker\OneDrive\桌面\robot\index.robot">
<test id="s1-t1" name="Check login button url correct" line="8">
<kw name="Open Browser" library="Selenium2Library" type="SETUP">
<arg>https://ithelp.ithome.com.tw/</arg>
<arg>chrome</arg>
<doc>Opens a new browser instance to the optional ``url``.</doc>
<msg timestamp="20220906 23:56:01.684" level="INFO">Opening browser 'chrome' to base url 'https://ithelp.ithome.com.tw/'.</msg>
<status status="PASS" starttime="20220906 23:56:01.683" endtime="20220906 23:56:05.531"/>
</kw>
<kw name="login_button_url">
<kw name="Wait Until Element Is Visible" library="Selenium2Library">
<arg>xpath:${login_xpath}</arg>
<doc>Waits until the element ``locator`` is visible.</doc>
<status status="PASS" starttime="20220906 23:56:05.532" endtime="20220906 23:56:05.600"/>
</kw>
<kw name="Element Attribute Value Should Be" library="Selenium2Library">
<arg>xpath:${login_xpath}</arg>
<arg>href</arg>
<arg>${login_url}</arg>
<doc>Verifies element identified by ``locator`` contains expected attribute value.</doc>
<msg timestamp="20220906 23:56:05.616" level="INFO">Element 'xpath:/html/body/div[1]/nav/div[1]/div/ul[2]/li[2]/a' attribute 'href' contains value 'https://ithelp.ithome.com.tw/users/login'.</msg>
<status status="PASS" starttime="20220906 23:56:05.600" endtime="20220906 23:56:05.616"/>
</kw>
<status status="PASS" starttime="20220906 23:56:05.532" endtime="20220906 23:56:05.616"/>
</kw>
<kw name="Close Browser" library="Selenium2Library" type="TEARDOWN">
<doc>Closes the current browser.</doc>
<status status="PASS" starttime="20220906 23:56:05.616" endtime="20220906 23:56:07.734"/>
</kw>
<status status="PASS" starttime="20220906 23:56:01.683" endtime="20220906 23:56:07.735"/>
</test>
<test id="s1-t2" name="Check number of articles on a page correct" line="11">
<kw name="Open Browser" library="Selenium2Library" type="SETUP">
<arg>https://ithelp.ithome.com.tw/</arg>
<arg>chrome</arg>
<doc>Opens a new browser instance to the optional ``url``.</doc>
<msg timestamp="20220906 23:56:07.738" level="INFO">Opening browser 'chrome' to base url 'https://ithelp.ithome.com.tw/'.</msg>
<status status="PASS" starttime="20220906 23:56:07.737" endtime="20220906 23:56:11.546"/>
</kw>
<kw name="page_articles_number">
<kw name="Wait Until Element Is Visible" library="Selenium2Library">
<arg>xpath:${article_xpath}</arg>
<doc>Waits until the element ``locator`` is visible.</doc>
<status status="PASS" starttime="20220906 23:56:11.547" endtime="20220906 23:56:11.569"/>
</kw>
<kw name="Get Element Count" library="Selenium2Library">
<var>${count}</var>
<arg>class:${page_classname}</arg>
<doc>Returns the number of elements matching ``locator``.</doc>
<msg timestamp="20220906 23:56:11.578" level="INFO">${count} = 30</msg>
<status status="PASS" starttime="20220906 23:56:11.569" endtime="20220906 23:56:11.578"/>
</kw>
<kw name="Should Be Equal" library="BuiltIn">
<arg>${count}</arg>
<arg>${article_quantity}</arg>
<doc>Fails if the given objects are unequal.</doc>
<status status="PASS" starttime="20220906 23:56:11.579" endtime="20220906 23:56:11.579"/>
</kw>
<status status="PASS" starttime="20220906 23:56:11.546" endtime="20220906 23:56:11.579"/>
</kw>
<kw name="Close Browser" library="Selenium2Library" type="TEARDOWN">
<doc>Closes the current browser.</doc>
<status status="PASS" starttime="20220906 23:56:11.580" endtime="20220906 23:56:13.678"/>
</kw>
<status status="PASS" starttime="20220906 23:56:07.737" endtime="20220906 23:56:13.679"/>
</test>
<test id="s1-t3" name="Check search button correct" line="14">
<kw name="Open Browser" library="Selenium2Library" type="SETUP">
<arg>https://ithelp.ithome.com.tw/</arg>
<arg>chrome</arg>
<doc>Opens a new browser instance to the optional ``url``.</doc>
<msg timestamp="20220906 23:56:13.681" level="INFO">Opening browser 'chrome' to base url 'https://ithelp.ithome.com.tw/'.</msg>
<status status="PASS" starttime="20220906 23:56:13.681" endtime="20220906 23:56:16.667"/>
</kw>
<kw name="search_button">
<kw name="Wait Until Element Is Visible" library="Selenium2Library">
<arg>xpath:${search_xpath}</arg>
<doc>Waits until the element ``locator`` is visible.</doc>
<status status="PASS" starttime="20220906 23:56:16.669" endtime="20220906 23:56:16.691"/>
</kw>
<kw name="Click Element" library="Selenium2Library">
<arg>xpath:${search_xpath}</arg>
<doc>Click the element identified by ``locator``.</doc>
<msg timestamp="20220906 23:56:16.692" level="INFO">Clicking element 'xpath:/html/body/div[1]/nav/div[1]/div/ul[2]/li[1]'.</msg>
<status status="PASS" starttime="20220906 23:56:16.692" endtime="20220906 23:56:16.743"/>
</kw>
<kw name="Input Text" library="Selenium2Library">
<arg>class:${input_classname}</arg>
<arg>${enter}</arg>
<doc>Types the given ``text`` into the text field identified by ``locator``.</doc>
<msg timestamp="20220906 23:56:16.743" level="INFO">Typing text 'python' into text field 'class:menu__search-input'.</msg>
<status status="PASS" starttime="20220906 23:56:16.743" endtime="20220906 23:56:16.830"/>
</kw>
<kw name="Press Keys" library="Selenium2Library">
<arg>None</arg>
<arg>ENTER</arg>
<doc>Simulates the user pressing key(s) to an element or on the active browser.</doc>
<msg timestamp="20220906 23:56:16.831" level="INFO">Sending key(s) ('ENTER',) to page.</msg>
<msg timestamp="20220906 23:56:16.831" level="INFO">Pressing special key ENTER to browser.</msg>
<msg timestamp="20220906 23:56:16.831" level="INFO">Releasing special key ENTER.</msg>
<status status="PASS" starttime="20220906 23:56:16.831" endtime="20220906 23:56:17.979"/>
</kw>
<kw name="Get Location" library="Selenium2Library">
<var>${url}</var>
<doc>Returns the current browser window URL.</doc>
<msg timestamp="20220906 23:56:17.983" level="INFO">${url} = https://ithelp.ithome.com.tw/search?search=python&amp;tab=question</msg>
<status status="PASS" starttime="20220906 23:56:17.980" endtime="20220906 23:56:17.983"/>
</kw>
<kw name="Should Be Equal As Strings" library="BuiltIn">
<arg>${url}</arg>
<arg>${search_url}</arg>
<doc>Fails if objects are unequal after converting them to strings.</doc>
<status status="PASS" starttime="20220906 23:56:17.984" endtime="20220906 23:56:17.984"/>
</kw>
<status status="PASS" starttime="20220906 23:56:16.668" endtime="20220906 23:56:17.984"/>
</kw>
<kw name="Close Browser" library="Selenium2Library" type="TEARDOWN">
<doc>Closes the current browser.</doc>
<status status="PASS" starttime="20220906 23:56:17.985" endtime="20220906 23:56:20.103"/>
</kw>
<status status="PASS" starttime="20220906 23:56:13.680" endtime="20220906 23:56:20.105"/>
</test>
<test id="s1-t4" name="Check articletitle and innerpagetitle same" line="17">
<kw name="Open Browser" library="Selenium2Library" type="SETUP">
<arg>https://ithelp.ithome.com.tw/</arg>
<arg>chrome</arg>
<doc>Opens a new browser instance to the optional ``url``.</doc>
<msg timestamp="20220906 23:56:20.111" level="INFO">Opening browser 'chrome' to base url 'https://ithelp.ithome.com.tw/'.</msg>
<status status="PASS" starttime="20220906 23:56:20.111" endtime="20220906 23:56:22.915"/>
</kw>
<kw name="articletitle_innerpagetitle">
<for flavor="IN RANGE">
<var>${i}</var>
<value>1</value>
<value>${article_quantity}+1</value>
<iter>
<var name="${i}">1</var>
<kw name="Wait Until Element Is Visible" library="Selenium2Library">
<arg>xpath:${article_xpath}</arg>
<doc>Waits until the element ``locator`` is visible.</doc>
<status status="PASS" starttime="20220906 23:56:22.917" endtime="20220906 23:56:22.940"/>
</kw>
<kw name="Click Element" library="Selenium2Library">
<arg>xpath:/html/body/div[2]/div/div/div[1]/div[4]/div[${i}]/div[2]/h3/a</arg>
<doc>Click the element identified by ``locator``.</doc>
<msg timestamp="20220906 23:56:22.941" level="INFO">Clicking element 'xpath:/html/body/div[2]/div/div/div[1]/div[4]/div[1]/div[2]/h3/a'.</msg>
<status status="PASS" starttime="20220906 23:56:22.941" endtime="20220906 23:56:24.127"/>
</kw>
<kw name="Get Text" library="Selenium2Library">
<var>${inner_page_title}</var>
<arg>class:${innerpage_title_class}</arg>
<doc>Returns the text value of the element identified by ``locator``.</doc>
<msg timestamp="20220906 23:56:24.147" level="INFO">${inner_page_title} = VBA資料抓取問題</msg>
<status status="PASS" starttime="20220906 23:56:24.127" endtime="20220906 23:56:24.147"/>
</kw>
<kw name="Go Back" library="Selenium2Library">
<doc>Simulates the user clicking the back button on their browser.</doc>
<status status="PASS" starttime="20220906 23:56:24.147" endtime="20220906 23:56:25.042"/>
</kw>
<kw name="Get Text" library="Selenium2Library">
<var>${title}</var>
<arg>xpath:/html/body/div[2]/div/div/div[1]/div[4]/div[${i}]/div[2]/h3/a</arg>
<doc>Returns the text value of the element identified by ``locator``.</doc>
<msg timestamp="20220906 23:56:25.060" level="INFO">${title} = VBA資料抓取問題</msg>
<status status="PASS" starttime="20220906 23:56:25.042" endtime="20220906 23:56:25.060"/>
</kw>
<kw name="Should Be Equal As Strings" library="BuiltIn">
<arg>${title}</arg>
<arg>${inner_page_title}</arg>
<doc>Fails if objects are unequal after converting them to strings.</doc>
<status status="PASS" starttime="20220906 23:56:25.060" endtime="20220906 23:56:25.060"/>
</kw>
<status status="PASS" starttime="20220906 23:56:22.917" endtime="20220906 23:56:25.060"/>
</iter>
<iter>
<var name="${i}">2</var>
<kw name="Wait Until Element Is Visible" library="Selenium2Library">
<arg>xpath:${article_xpath}</arg>
<doc>Waits until the element ``locator`` is visible.</doc>
<status status="PASS" starttime="20220906 23:56:25.060" endtime="20220906 23:56:25.077"/>
</kw>
<kw name="Click Element" library="Selenium2Library">
<arg>xpath:/html/body/div[2]/div/div/div[1]/div[4]/div[${i}]/div[2]/h3/a</arg>
<doc>Click the element identified by ``locator``.</doc>
<msg timestamp="20220906 23:56:25.077" level="INFO">Clicking element 'xpath:/html/body/div[2]/div/div/div[1]/div[4]/div[2]/div[2]/h3/a'.</msg>
<status status="PASS" starttime="20220906 23:56:25.077" endtime="20220906 23:56:26.317"/>
</kw>
<kw name="Get Text" library="Selenium2Library">
<var>${inner_page_title}</var>
<arg>class:${innerpage_title_class}</arg>
<doc>Returns the text value of the element identified by ``locator``.</doc>
<msg timestamp="20220906 23:56:26.334" level="INFO">${inner_page_title} = C# Excel設定雙實線外框線</msg>
<status status="PASS" starttime="20220906 23:56:26.317" endtime="20220906 23:56:26.334"/>
</kw>
<kw name="Go Back" library="Selenium2Library">
<doc>Simulates the user clicking the back button on their browser.</doc>
<status status="PASS" starttime="20220906 23:56:26.334" endtime="20220906 23:56:27.087"/>
</kw>
<kw name="Get Text" library="Selenium2Library">
<var>${title}</var>
<arg>xpath:/html/body/div[2]/div/div/div[1]/div[4]/div[${i}]/div[2]/h3/a</arg>
<doc>Returns the text value of the element identified by ``locator``.</doc>
<msg timestamp="20220906 23:56:27.105" level="INFO">${title} = C# Excel設定雙實線外框線</msg>
<status status="PASS" starttime="20220906 23:56:27.087" endtime="20220906 23:56:27.105"/>
</kw>
<kw name="Should Be Equal As Strings" library="BuiltIn">
<arg>${title}</arg>
<arg>${inner_page_title}</arg>
<doc>Fails if objects are unequal after converting them to strings.</doc>
<status status="PASS" starttime="20220906 23:56:27.105" endtime="20220906 23:56:27.105"/>
</kw>
<status status="PASS" starttime="20220906 23:56:25.060" endtime="20220906 23:56:27.105"/>
</iter>
<iter>
<var name="${i}">3</var>
<kw name="Wait Until Element Is Visible" library="Selenium2Library">
<arg>xpath:${article_xpath}</arg>
<doc>Waits until the element ``locator`` is visible.</doc>
<status status="PASS" starttime="20220906 23:56:27.105" endtime="20220906 23:56:27.120"/>
</kw>
<kw name="Click Element" library="Selenium2Library">
<arg>xpath:/html/body/div[2]/div/div/div[1]/div[4]/div[${i}]/div[2]/h3/a</arg>
<doc>Click the element identified by ``locator``.</doc>
<msg timestamp="20220906 23:56:27.120" level="INFO">Clicking element 'xpath:/html/body/div[2]/div/div/div[1]/div[4]/div[3]/div[2]/h3/a'.</msg>
<status status="PASS" starttime="20220906 23:56:27.120" endtime="20220906 23:56:28.087"/>
</kw>
<kw name="Get Text" library="Selenium2Library">
<var>${inner_page_title}</var>
<arg>class:${innerpage_title_class}</arg>
<doc>Returns the text value of the element identified by ``locator``.</doc>
<msg timestamp="20220906 23:56:28.105" level="INFO">${inner_page_title} = LotusScript陣列隨機取字串問題</msg>
<status status="PASS" starttime="20220906 23:56:28.087" endtime="20220906 23:56:28.105"/>
</kw>
<kw name="Go Back" library="Selenium2Library">
<doc>Simulates the user clicking the back button on their browser.</doc>
<status status="PASS" starttime="20220906 23:56:28.105" endtime="20220906 23:56:28.769"/>
</kw>
<kw name="Get Text" library="Selenium2Library">
<var>${title}</var>
<arg>xpath:/html/body/div[2]/div/div/div[1]/div[4]/div[${i}]/div[2]/h3/a</arg>
<doc>Returns the text value of the element identified by ``locator``.</doc>
<msg timestamp="20220906 23:56:28.786" level="INFO">${title} = LotusScript陣列隨機取字串問題</msg>
<status status="PASS" starttime="20220906 23:56:28.769" endtime="20220906 23:56:28.786"/>
</kw>
<kw name="Should Be Equal As Strings" library="BuiltIn">
<arg>${title}</arg>
<arg>${inner_page_title}</arg>
<doc>Fails if objects are unequal after converting them to strings.</doc>
<status status="PASS" starttime="20220906 23:56:28.786" endtime="20220906 23:56:28.787"/>
</kw>
<status status="PASS" starttime="20220906 23:56:27.105" endtime="20220906 23:56:28.787"/>
</iter>
<iter>
<var name="${i}">4</var>
<kw name="Wait Until Element Is Visible" library="Selenium2Library">
<arg>xpath:${article_xpath}</arg>
<doc>Waits until the element ``locator`` is visible.</doc>
<status status="PASS" starttime="20220906 23:56:28.787" endtime="20220906 23:56:28.802"/>
</kw>
<kw name="Click Element" library="Selenium2Library">
<arg>xpath:/html/body/div[2]/div/div/div[1]/div[4]/div[${i}]/div[2]/h3/a</arg>
<doc>Click the element identified by ``locator``.</doc>
<msg timestamp="20220906 23:56:28.802" level="INFO">Clicking element 'xpath:/html/body/div[2]/div/div/div[1]/div[4]/div[4]/div[2]/h3/a'.</msg>
<status status="PASS" starttime="20220906 23:56:28.802" endtime="20220906 23:56:29.784"/>
</kw>
<kw name="Get Text" library="Selenium2Library">
<var>${inner_page_title}</var>
<arg>class:${innerpage_title_class}</arg>
<doc>Returns the text value of the element identified by ``locator``.</doc>
<msg timestamp="20220906 23:56:29.801" level="INFO">${inner_page_title} = foreach 的key</msg>
<status status="PASS" starttime="20220906 23:56:29.784" endtime="20220906 23:56:29.801"/>
</kw>
<kw name="Go Back" library="Selenium2Library">
<doc>Simulates the user clicking the back button on their browser.</doc>
<status status="PASS" starttime="20220906 23:56:29.801" endtime="20220906 23:56:30.809"/>
</kw>
<kw name="Get Text" library="Selenium2Library">
<var>${title}</var>
<arg>xpath:/html/body/div[2]/div/div/div[1]/div[4]/div[${i}]/div[2]/h3/a</arg>
<doc>Returns the text value of the element identified by ``locator``.</doc>
<msg timestamp="20220906 23:56:30.827" level="INFO">${title} = foreach 的key</msg>
<status status="PASS" starttime="20220906 23:56:30.809" endtime="20220906 23:56:30.827"/>
</kw>
<kw name="Should Be Equal As Strings" library="BuiltIn">
<arg>${title}</arg>
<arg>${inner_page_title}</arg>
<doc>Fails if objects are unequal after converting them to strings.</doc>
<status status="PASS" starttime="20220906 23:56:30.827" endtime="20220906 23:56:30.828"/>
</kw>
<status status="PASS" starttime="20220906 23:56:28.787" endtime="20220906 23:56:30.828"/>
</iter>
<iter>
<var name="${i}">5</var>
<kw name="Wait Until Element Is Visible" library="Selenium2Library">
<arg>xpath:${article_xpath}</arg>
<doc>Waits until the element ``locator`` is visible.</doc>
<status status="PASS" starttime="20220906 23:56:30.828" endtime="20220906 23:56:30.842"/>
</kw>
<kw name="Click Element" library="Selenium2Library">
<arg>xpath:/html/body/div[2]/div/div/div[1]/div[4]/div[${i}]/div[2]/h3/a</arg>
<doc>Click the element identified by ``locator``.</doc>
<msg timestamp="20220906 23:56:30.843" level="INFO">Clicking element 'xpath:/html/body/div[2]/div/div/div[1]/div[4]/div[5]/div[2]/h3/a'.</msg>
<status status="PASS" starttime="20220906 23:56:30.843" endtime="20220906 23:56:32.000"/>
</kw>
<kw name="Get Text" library="Selenium2Library">
<var>${inner_page_title}</var>
<arg>class:${innerpage_title_class}</arg>
<doc>Returns the text value of the element identified by ``locator``.</doc>
<msg timestamp="20220906 23:56:32.020" level="INFO">${inner_page_title} = 應用程式發生未處理的例外狀況 然後網頁開啟會顯示不正常的惡意廣告 求助~</msg>
<status status="PASS" starttime="20220906 23:56:32.000" endtime="20220906 23:56:32.020"/>
</kw>
<kw name="Go Back" library="Selenium2Library">
<doc>Simulates the user clicking the back button on their browser.</doc>
<status status="PASS" starttime="20220906 23:56:32.020" endtime="20220906 23:56:32.827"/>
</kw>
<kw name="Get Text" library="Selenium2Library">
<var>${title}</var>
<arg>xpath:/html/body/div[2]/div/div/div[1]/div[4]/div[${i}]/div[2]/h3/a</arg>
<doc>Returns the text value of the element identified by ``locator``.</doc>
<msg timestamp="20220906 23:56:32.845" level="INFO">${title} = 應用程式發生未處理的例外狀況 然後網頁開啟會顯示不正常的惡意廣告 求助~</msg>
<status status="PASS" starttime="20220906 23:56:32.827" endtime="20220906 23:56:32.845"/>
</kw>
<kw name="Should Be Equal As Strings" library="BuiltIn">
<arg>${title}</arg>
<arg>${inner_page_title}</arg>
<doc>Fails if objects are unequal after converting them to strings.</doc>
<status status="PASS" starttime="20220906 23:56:32.845" endtime="20220906 23:56:32.845"/>
</kw>
<status status="PASS" starttime="20220906 23:56:30.828" endtime="20220906 23:56:32.845"/>
</iter>
<iter>
<var name="${i}">6</var>
<kw name="Wait Until Element Is Visible" library="Selenium2Library">
<arg>xpath:${article_xpath}</arg>
<doc>Waits until the element ``locator`` is visible.</doc>
<status status="PASS" starttime="20220906 23:56:32.845" endtime="20220906 23:56:32.860"/>
</kw>
<kw name="Click Element" library="Selenium2Library">
<arg>xpath:/html/body/div[2]/div/div/div[1]/div[4]/div[${i}]/div[2]/h3/a</arg>
<doc>Click the element identified by ``locator``.</doc>
<msg timestamp="20220906 23:56:32.860" level="INFO">Clicking element 'xpath:/html/body/div[2]/div/div/div[1]/div[4]/div[6]/div[2]/h3/a'.</msg>
<status status="PASS" starttime="20220906 23:56:32.860" endtime="20220906 23:56:33.862"/>
</kw>
<kw name="Get Text" library="Selenium2Library">
<var>${inner_page_title}</var>
<arg>class:${innerpage_title_class}</arg>
<doc>Returns the text value of the element identified by ``locator``.</doc>
<msg timestamp="20220906 23:56:33.879" level="INFO">${inner_page_title} = Outlook 自動封存設定</msg>
<status status="PASS" starttime="20220906 23:56:33.862" endtime="20220906 23:56:33.879"/>
</kw>
<kw name="Go Back" library="Selenium2Library">
<doc>Simulates the user clicking the back button on their browser.</doc>
<status status="PASS" starttime="20220906 23:56:33.880" endtime="20220906 23:56:34.560"/>
</kw>
<kw name="Get Text" library="Selenium2Library">
<var>${title}</var>
<arg>xpath:/html/body/div[2]/div/div/div[1]/div[4]/div[${i}]/div[2]/h3/a</arg>
<doc>Returns the text value of the element identified by ``locator``.</doc>
<msg timestamp="20220906 23:56:34.577" level="INFO">${title} = Outlook 自動封存設定</msg>
<status status="PASS" starttime="20220906 23:56:34.560" endtime="20220906 23:56:34.577"/>
</kw>
<kw name="Should Be Equal As Strings" library="BuiltIn">
<arg>${title}</arg>
<arg>${inner_page_title}</arg>
<doc>Fails if objects are unequal after converting them to strings.</doc>
<status status="PASS" starttime="20220906 23:56:34.577" endtime="20220906 23:56:34.578"/>
</kw>
<status status="PASS" starttime="20220906 23:56:32.845" endtime="20220906 23:56:34.578"/>
</iter>
<iter>
<var name="${i}">7</var>
<kw name="Wait Until Element Is Visible" library="Selenium2Library">
<arg>xpath:${article_xpath}</arg>
<doc>Waits until the element ``locator`` is visible.</doc>
<status status="PASS" starttime="20220906 23:56:34.578" endtime="20220906 23:56:34.593"/>
</kw>
<kw name="Click Element" library="Selenium2Library">
<arg>xpath:/html/body/div[2]/div/div/div[1]/div[4]/div[${i}]/div[2]/h3/a</arg>
<doc>Click the element identified by ``locator``.</doc>
<msg timestamp="20220906 23:56:34.593" level="INFO">Clicking element 'xpath:/html/body/div[2]/div/div/div[1]/div[4]/div[7]/div[2]/h3/a'.</msg>
<status status="PASS" starttime="20220906 23:56:34.593" endtime="20220906 23:56:35.678"/>
</kw>
<kw name="Get Text" library="Selenium2Library">
<var>${inner_page_title}</var>
<arg>class:${innerpage_title_class}</arg>
<doc>Returns the text value of the element identified by ``locator``.</doc>
<msg timestamp="20220906 23:56:35.695" level="INFO">${inner_page_title} = MySQL Shell Dump &amp; Load 替代 mysqldump 備份問題</msg>
<status status="PASS" starttime="20220906 23:56:35.678" endtime="20220906 23:56:35.695"/>
</kw>
<kw name="Go Back" library="Selenium2Library">
<doc>Simulates the user clicking the back button on their browser.</doc>
<status status="PASS" starttime="20220906 23:56:35.695" endtime="20220906 23:56:36.336"/>
</kw>
<kw name="Get Text" library="Selenium2Library">
<var>${title}</var>
<arg>xpath:/html/body/div[2]/div/div/div[1]/div[4]/div[${i}]/div[2]/h3/a</arg>
<doc>Returns the text value of the element identified by ``locator``.</doc>
<msg timestamp="20220906 23:56:36.354" level="INFO">${title} = MySQL Shell Dump &amp; Load 替代 mysqldump 備份問題</msg>
<status status="PASS" starttime="20220906 23:56:36.336" endtime="20220906 23:56:36.354"/>
</kw>
<kw name="Should Be Equal As Strings" library="BuiltIn">
<arg>${title}</arg>
<arg>${inner_page_title}</arg>
<doc>Fails if objects are unequal after converting them to strings.</doc>
<status status="PASS" starttime="20220906 23:56:36.354" endtime="20220906 23:56:36.354"/>
</kw>
<status status="PASS" starttime="20220906 23:56:34.578" endtime="20220906 23:56:36.354"/>
</iter>
<iter>
<var name="${i}">8</var>
<kw name="Wait Until Element Is Visible" library="Selenium2Library">
<arg>xpath:${article_xpath}</arg>
<doc>Waits until the element ``locator`` is visible.</doc>
<status status="PASS" starttime="20220906 23:56:36.355" endtime="20220906 23:56:36.369"/>
</kw>
<kw name="Click Element" library="Selenium2Library">
<arg>xpath:/html/body/div[2]/div/div/div[1]/div[4]/div[${i}]/div[2]/h3/a</arg>
<doc>Click the element identified by ``locator``.</doc>
<msg timestamp="20220906 23:56:36.369" level="INFO">Clicking element 'xpath:/html/body/div[2]/div/div/div[1]/div[4]/div[8]/div[2]/h3/a'.</msg>
<status status="PASS" starttime="20220906 23:56:36.369" endtime="20220906 23:56:37.432"/>
</kw>
<kw name="Get Text" library="Selenium2Library">
<var>${inner_page_title}</var>
<arg>class:${innerpage_title_class}</arg>
<doc>Returns the text value of the element identified by ``locator``.</doc>
<msg timestamp="20220906 23:56:37.450" level="INFO">${inner_page_title} = Fortigate 外部dns 無法ping 到內部主機</msg>
<status status="PASS" starttime="20220906 23:56:37.432" endtime="20220906 23:56:37.450"/>
</kw>
<kw name="Go Back" library="Selenium2Library">
<doc>Simulates the user clicking the back button on their browser.</doc>
<status status="PASS" starttime="20220906 23:56:37.450" endtime="20220906 23:56:38.151"/>
</kw>
<kw name="Get Text" library="Selenium2Library">
<var>${title}</var>
<arg>xpath:/html/body/div[2]/div/div/div[1]/div[4]/div[${i}]/div[2]/h3/a</arg>
<doc>Returns the text value of the element identified by ``locator``.</doc>
<msg timestamp="20220906 23:56:38.168" level="INFO">${title} = Fortigate 外部dns 無法ping 到內部主機</msg>
<status status="PASS" starttime="20220906 23:56:38.152" endtime="20220906 23:56:38.168"/>
</kw>
<kw name="Should Be Equal As Strings" library="BuiltIn">
<arg>${title}</arg>
<arg>${inner_page_title}</arg>
<doc>Fails if objects are unequal after converting them to strings.</doc>
<status status="PASS" starttime="20220906 23:56:38.168" endtime="20220906 23:56:38.169"/>
</kw>
<status status="PASS" starttime="20220906 23:56:36.354" endtime="20220906 23:56:38.169"/>
</iter>
<iter>
<var name="${i}">9</var>
<kw name="Wait Until Element Is Visible" library="Selenium2Library">
<arg>xpath:${article_xpath}</arg>
<doc>Waits until the element ``locator`` is visible.</doc>
<status status="PASS" starttime="20220906 23:56:38.169" endtime="20220906 23:56:38.185"/>
</kw>
<kw name="Click Element" library="Selenium2Library">
<arg>xpath:/html/body/div[2]/div/div/div[1]/div[4]/div[${i}]/div[2]/h3/a</arg>
<doc>Click the element identified by ``locator``.</doc>
<msg timestamp="20220906 23:56:38.185" level="INFO">Clicking element 'xpath:/html/body/div[2]/div/div/div[1]/div[4]/div[9]/div[2]/h3/a'.</msg>
<status status="PASS" starttime="20220906 23:56:38.185" endtime="20220906 23:56:40.194"/>
</kw>
<kw name="Get Text" library="Selenium2Library">
<var>${inner_page_title}</var>
<arg>class:${innerpage_title_class}</arg>
<doc>Returns the text value of the element identified by ``locator``.</doc>
<msg timestamp="20220906 23:56:40.211" level="INFO">${inner_page_title} = 新手想學EDA(探索式資料分析),該買哪本書啊?</msg>
<status status="PASS" starttime="20220906 23:56:40.194" endtime="20220906 23:56:40.211"/>
</kw>
<kw name="Go Back" library="Selenium2Library">
<doc>Simulates the user clicking the back button on their browser.</doc>
<status status="PASS" starttime="20220906 23:56:40.211" endtime="20220906 23:56:41.045"/>
</kw>
<kw name="Get Text" library="Selenium2Library">
<var>${title}</var>
<arg>xpath:/html/body/div[2]/div/div/div[1]/div[4]/div[${i}]/div[2]/h3/a</arg>
<doc>Returns the text value of the element identified by ``locator``.</doc>
<msg timestamp="20220906 23:56:41.062" level="INFO">${title} = 新手想學EDA(探索式資料分析),該買哪本書啊?</msg>
<status status="PASS" starttime="20220906 23:56:41.045" endtime="20220906 23:56:41.062"/>
</kw>
<kw name="Should Be Equal As Strings" library="BuiltIn">
<arg>${title}</arg>
<arg>${inner_page_title}</arg>
<doc>Fails if objects are unequal after converting them to strings.</doc>
<status status="PASS" starttime="20220906 23:56:41.062" endtime="20220906 23:56:41.062"/>
</kw>
<status status="PASS" starttime="20220906 23:56:38.169" endtime="20220906 23:56:41.062"/>
</iter>
<iter>
<var name="${i}">10</var>
<kw name="Wait Until Element Is Visible" library="Selenium2Library">
<arg>xpath:${article_xpath}</arg>
<doc>Waits until the element ``locator`` is visible.</doc>
<status status="PASS" starttime="20220906 23:56:41.062" endtime="20220906 23:56:41.077"/>
</kw>
<kw name="Click Element" library="Selenium2Library">
<arg>xpath:/html/body/div[2]/div/div/div[1]/div[4]/div[${i}]/div[2]/h3/a</arg>
<doc>Click the element identified by ``locator``.</doc>
<msg timestamp="20220906 23:56:41.078" level="INFO">Clicking element 'xpath:/html/body/div[2]/div/div/div[1]/div[4]/div[10]/div[2]/h3/a'.</msg>
<status status="PASS" starttime="20220906 23:56:41.077" endtime="20220906 23:56:42.179"/>
</kw>
<kw name="Get Text" library="Selenium2Library">
<var>${inner_page_title}</var>
<arg>class:${innerpage_title_class}</arg>
<doc>Returns the text value of the element identified by ``locator``.</doc>
<msg timestamp="20220906 23:56:42.197" level="INFO">${inner_page_title} = 想問一下如何阻擋惡意橋接網路</msg>
<status status="PASS" starttime="20220906 23:56:42.179" endtime="20220906 23:56:42.197"/>
</kw>
<kw name="Go Back" library="Selenium2Library">
<doc>Simulates the user clicking the back button on their browser.</doc>
<status status="PASS" starttime="20220906 23:56:42.197" endtime="20220906 23:56:42.812"/>
</kw>
<kw name="Get Text" library="Selenium2Library">
<var>${title}</var>
<arg>xpath:/html/body/div[2]/div/div/div[1]/div[4]/div[${i}]/div[2]/h3/a</arg>
<doc>Returns the text value of the element identified by ``locator``.</doc>
<msg timestamp="20220906 23:56:42.829" level="INFO">${title} = 想問一下如何阻擋惡意橋接網路</msg>
<status status="PASS" starttime="20220906 23:56:42.812" endtime="20220906 23:56:42.830"/>
</kw>
<kw name="Should Be Equal As Strings" library="BuiltIn">
<arg>${title}</arg>
<arg>${inner_page_title}</arg>
<doc>Fails if objects are unequal after converting them to strings.</doc>
<status status="PASS" starttime="20220906 23:56:42.830" endtime="20220906 23:56:42.830"/>
</kw>
<status status="PASS" starttime="20220906 23:56:41.062" endtime="20220906 23:56:42.830"/>
</iter>
<iter>
<var name="${i}">11</var>
<kw name="Wait Until Element Is Visible" library="Selenium2Library">
<arg>xpath:${article_xpath}</arg>
<doc>Waits until the element ``locator`` is visible.</doc>
<status status="PASS" starttime="20220906 23:56:42.830" endtime="20220906 23:56:42.845"/>
</kw>
<kw name="Click Element" library="Selenium2Library">
<arg>xpath:/html/body/div[2]/div/div/div[1]/div[4]/div[${i}]/div[2]/h3/a</arg>
<doc>Click the element identified by ``locator``.</doc>
<msg timestamp="20220906 23:56:42.845" level="INFO">Clicking element 'xpath:/html/body/div[2]/div/div/div[1]/div[4]/div[11]/div[2]/h3/a'.</msg>
<status status="PASS" starttime="20220906 23:56:42.845" endtime="20220906 23:56:43.981"/>
</kw>
<kw name="Get Text" library="Selenium2Library">
<var>${inner_page_title}</var>
<arg>class:${innerpage_title_class}</arg>
<doc>Returns the text value of the element identified by ``locator``.</doc>
<msg timestamp="20220906 23:56:43.999" level="INFO">${inner_page_title} = 請問有沒有程式語言線上練習平台呢?</msg>
<status status="PASS" starttime="20220906 23:56:43.981" endtime="20220906 23:56:43.999"/>
</kw>
<kw name="Go Back" library="Selenium2Library">
<doc>Simulates the user clicking the back button on their browser.</doc>
<status status="PASS" starttime="20220906 23:56:43.999" endtime="20220906 23:56:44.994"/>
</kw>
<kw name="Get Text" library="Selenium2Library">
<var>${title}</var>
<arg>xpath:/html/body/div[2]/div/div/div[1]/div[4]/div[${i}]/div[2]/h3/a</arg>
<doc>Returns the text value of the element identified by ``locator``.</doc>
<msg timestamp="20220906 23:56:45.011" level="INFO">${title} = 請問有沒有程式語言線上練習平台呢?</msg>
<status status="PASS" starttime="20220906 23:56:44.995" endtime="20220906 23:56:45.011"/>
</kw>
<kw name="Should Be Equal As Strings" library="BuiltIn">
<arg>${title}</arg>
<arg>${inner_page_title}</arg>
<doc>Fails if objects are unequal after converting them to strings.</doc>
<status status="PASS" starttime="20220906 23:56:45.011" endtime="20220906 23:56:45.011"/>
</kw>
<status status="PASS" starttime="20220906 23:56:42.830" endtime="20220906 23:56:45.011"/>
</iter>
<iter>
<var name="${i}">12</var>
<kw name="Wait Until Element Is Visible" library="Selenium2Library">
<arg>xpath:${article_xpath}</arg>
<doc>Waits until the element ``locator`` is visible.</doc>
<status status="PASS" starttime="20220906 23:56:45.012" endtime="20220906 23:56:45.028"/>
</kw>
<kw name="Click Element" library="Selenium2Library">
<arg>xpath:/html/body/div[2]/div/div/div[1]/div[4]/div[${i}]/div[2]/h3/a</arg>
<doc>Click the element identified by ``locator``.</doc>
<msg timestamp="20220906 23:56:45.029" level="INFO">Clicking element 'xpath:/html/body/div[2]/div/div/div[1]/div[4]/div[12]/div[2]/h3/a'.</msg>
<status status="PASS" starttime="20220906 23:56:45.028" endtime="20220906 23:56:46.292"/>
</kw>
<kw name="Get Text" library="Selenium2Library">
<var>${inner_page_title}</var>
<arg>class:${innerpage_title_class}</arg>
<doc>Returns the text value of the element identified by ``locator``.</doc>
<msg timestamp="20220906 23:56:46.312" level="INFO">${inner_page_title} = 請問現在Google登入機制到底有什麼問題</msg>
<status status="PASS" starttime="20220906 23:56:46.292" endtime="20220906 23:56:46.312"/>
</kw>
<kw name="Go Back" library="Selenium2Library">
<doc>Simulates the user clicking the back button on their browser.</doc>
<status status="PASS" starttime="20220906 23:56:46.312" endtime="20220906 23:56:46.997"/>
</kw>
<kw name="Get Text" library="Selenium2Library">
<var>${title}</var>
<arg>xpath:/html/body/div[2]/div/div/div[1]/div[4]/div[${i}]/div[2]/h3/a</arg>
<doc>Returns the text value of the element identified by ``locator``.</doc>
<msg timestamp="20220906 23:56:47.014" level="INFO">${title} = 請問現在Google登入機制到底有什麼問題</msg>
<status status="PASS" starttime="20220906 23:56:46.997" endtime="20220906 23:56:47.014"/>
</kw>
<kw name="Should Be Equal As Strings" library="BuiltIn">
<arg>${title}</arg>
<arg>${inner_page_title}</arg>
<doc>Fails if objects are unequal after converting them to strings.</doc>
<status status="PASS" starttime="20220906 23:56:47.014" endtime="20220906 23:56:47.014"/>
</kw>
<status status="PASS" starttime="20220906 23:56:45.011" endtime="20220906 23:56:47.014"/>
</iter>
<iter>
<var name="${i}">13</var>
<kw name="Wait Until Element Is Visible" library="Selenium2Library">
<arg>xpath:${article_xpath}</arg>
<doc>Waits until the element ``locator`` is visible.</doc>
<status status="PASS" starttime="20220906 23:56:47.014" endtime="20220906 23:56:47.028"/>
</kw>
<kw name="Click Element" library="Selenium2Library">
<arg>xpath:/html/body/div[2]/div/div/div[1]/div[4]/div[${i}]/div[2]/h3/a</arg>
<doc>Click the element identified by ``locator``.</doc>
<msg timestamp="20220906 23:56:47.029" level="INFO">Clicking element 'xpath:/html/body/div[2]/div/div/div[1]/div[4]/div[13]/div[2]/h3/a'.</msg>
<status status="PASS" starttime="20220906 23:56:47.029" endtime="20220906 23:56:48.323"/>
</kw>
<kw name="Get Text" library="Selenium2Library">
<var>${inner_page_title}</var>
<arg>class:${innerpage_title_class}</arg>
<doc>Returns the text value of the element identified by ``locator``.</doc>
<msg timestamp="20220906 23:56:48.340" level="INFO">${inner_page_title} = 複製檔案到指定資料夾中</msg>
<status status="PASS" starttime="20220906 23:56:48.323" endtime="20220906 23:56:48.340"/>
</kw>
<kw name="Go Back" library="Selenium2Library">
<doc>Simulates the user clicking the back button on their browser.</doc>
<status status="PASS" starttime="20220906 23:56:48.340" endtime="20220906 23:56:49.129"/>
</kw>
<kw name="Get Text" library="Selenium2Library">
<var>${title}</var>
<arg>xpath:/html/body/div[2]/div/div/div[1]/div[4]/div[${i}]/div[2]/h3/a</arg>
<doc>Returns the text value of the element identified by ``locator``.</doc>
<msg timestamp="20220906 23:56:49.147" level="INFO">${title} = 複製檔案到指定資料夾中</msg>
<status status="PASS" starttime="20220906 23:56:49.130" endtime="20220906 23:56:49.147"/>
</kw>
<kw name="Should Be Equal As Strings" library="BuiltIn">
<arg>${title}</arg>
<arg>${inner_page_title}</arg>
<doc>Fails if objects are unequal after converting them to strings.</doc>
<status status="PASS" starttime="20220906 23:56:49.147" endtime="20220906 23:56:49.147"/>
</kw>
<status status="PASS" starttime="20220906 23:56:47.014" endtime="20220906 23:56:49.147"/>
</iter>
<iter>
<var name="${i}">14</var>
<kw name="Wait Until Element Is Visible" library="Selenium2Library">
<arg>xpath:${article_xpath}</arg>
<doc>Waits until the element ``locator`` is visible.</doc>
<status status="PASS" starttime="20220906 23:56:49.147" endtime="20220906 23:56:49.162"/>
</kw>
<kw name="Click Element" library="Selenium2Library">
<arg>xpath:/html/body/div[2]/div/div/div[1]/div[4]/div[${i}]/div[2]/h3/a</arg>
<doc>Click the element identified by ``locator``.</doc>
<msg timestamp="20220906 23:56:49.163" level="INFO">Clicking element 'xpath:/html/body/div[2]/div/div/div[1]/div[4]/div[14]/div[2]/h3/a'.</msg>
<status status="PASS" starttime="20220906 23:56:49.162" endtime="20220906 23:56:50.283"/>
</kw>
<kw name="Get Text" library="Selenium2Library">
<var>${inner_page_title}</var>
<arg>class:${innerpage_title_class}</arg>
<doc>Returns the text value of the element identified by ``locator``.</doc>
<msg timestamp="20220906 23:56:50.301" level="INFO">${inner_page_title} = python該如何同時收發data</msg>
<status status="PASS" starttime="20220906 23:56:50.284" endtime="20220906 23:56:50.301"/>
</kw>
<kw name="Go Back" library="Selenium2Library">
<doc>Simulates the user clicking the back button on their browser.</doc>
<status status="PASS" starttime="20220906 23:56:50.301" endtime="20220906 23:56:51.204"/>
</kw>
<kw name="Get Text" library="Selenium2Library">
<var>${title}</var>
<arg>xpath:/html/body/div[2]/div/div/div[1]/div[4]/div[${i}]/div[2]/h3/a</arg>
<doc>Returns the text value of the element identified by ``locator``.</doc>
<msg timestamp="20220906 23:56:51.221" level="INFO">${title} = python該如何同時收發data</msg>
<status status="PASS" starttime="20220906 23:56:51.204" endtime="20220906 23:56:51.221"/>
</kw>
<kw name="Should Be Equal As Strings" library="BuiltIn">
<arg>${title}</arg>
<arg>${inner_page_title}</arg>
<doc>Fails if objects are unequal after converting them to strings.</doc>
<status status="PASS" starttime="20220906 23:56:51.221" endtime="20220906 23:56:51.221"/>
</kw>
<status status="PASS" starttime="20220906 23:56:49.147" endtime="20220906 23:56:51.221"/>
</iter>
<iter>
<var name="${i}">15</var>
<kw name="Wait Until Element Is Visible" library="Selenium2Library">
<arg>xpath:${article_xpath}</arg>
<doc>Waits until the element ``locator`` is visible.</doc>
<status status="PASS" starttime="20220906 23:56:51.221" endtime="20220906 23:56:51.236"/>
</kw>
<kw name="Click Element" library="Selenium2Library">
<arg>xpath:/html/body/div[2]/div/div/div[1]/div[4]/div[${i}]/div[2]/h3/a</arg>
<doc>Click the element identified by ``locator``.</doc>
<msg timestamp="20220906 23:56:51.237" level="INFO">Clicking element 'xpath:/html/body/div[2]/div/div/div[1]/div[4]/div[15]/div[2]/h3/a'.</msg>
<status status="PASS" starttime="20220906 23:56:51.236" endtime="20220906 23:56:52.300"/>
</kw>
<kw name="Get Text" library="Selenium2Library">
<var>${inner_page_title}</var>
<arg>class:${innerpage_title_class}</arg>
<doc>Returns the text value of the element identified by ``locator``.</doc>
<msg timestamp="20220906 23:56:52.317" level="INFO">${inner_page_title} = 如何使用命令列指令新增 FileZilla Server 的使用者帳號？</msg>
<status status="PASS" starttime="20220906 23:56:52.300" endtime="20220906 23:56:52.317"/>
</kw>
<kw name="Go Back" library="Selenium2Library">
<doc>Simulates the user clicking the back button on their browser.</doc>
<status status="PASS" starttime="20220906 23:56:52.317" endtime="20220906 23:56:53.183"/>
</kw>
<kw name="Get Text" library="Selenium2Library">
<var>${title}</var>
<arg>xpath:/html/body/div[2]/div/div/div[1]/div[4]/div[${i}]/div[2]/h3/a</arg>
<doc>Returns the text value of the element identified by ``locator``.</doc>
<msg timestamp="20220906 23:56:53.202" level="INFO">${title} = 如何使用命令列指令新增 FileZilla Server 的使用者帳號？</msg>
<status status="PASS" starttime="20220906 23:56:53.183" endtime="20220906 23:56:53.202"/>
</kw>
<kw name="Should Be Equal As Strings" library="BuiltIn">
<arg>${title}</arg>
<arg>${inner_page_title}</arg>
<doc>Fails if objects are unequal after converting them to strings.</doc>
<status status="PASS" starttime="20220906 23:56:53.202" endtime="20220906 23:56:53.202"/>
</kw>
<status status="PASS" starttime="20220906 23:56:51.221" endtime="20220906 23:56:53.202"/>
</iter>
<iter>
<var name="${i}">16</var>
<kw name="Wait Until Element Is Visible" library="Selenium2Library">
<arg>xpath:${article_xpath}</arg>
<doc>Waits until the element ``locator`` is visible.</doc>
<status status="PASS" starttime="20220906 23:56:53.203" endtime="20220906 23:56:53.216"/>
</kw>
<kw name="Click Element" library="Selenium2Library">
<arg>xpath:/html/body/div[2]/div/div/div[1]/div[4]/div[${i}]/div[2]/h3/a</arg>
<doc>Click the element identified by ``locator``.</doc>
<msg timestamp="20220906 23:56:53.217" level="INFO">Clicking element 'xpath:/html/body/div[2]/div/div/div[1]/div[4]/div[16]/div[2]/h3/a'.</msg>
<status status="PASS" starttime="20220906 23:56:53.216" endtime="20220906 23:56:54.576"/>
</kw>
<kw name="Get Text" library="Selenium2Library">
<var>${inner_page_title}</var>
<arg>class:${innerpage_title_class}</arg>
<doc>Returns the text value of the element identified by ``locator``.</doc>
<msg timestamp="20220906 23:56:54.595" level="INFO">${inner_page_title} = Audio API IOS沒聲音</msg>
<status status="PASS" starttime="20220906 23:56:54.576" endtime="20220906 23:56:54.595"/>
</kw>
<kw name="Go Back" library="Selenium2Library">
<doc>Simulates the user clicking the back button on their browser.</doc>
<status status="PASS" starttime="20220906 23:56:54.596" endtime="20220906 23:56:55.658"/>
</kw>
<kw name="Get Text" library="Selenium2Library">
<var>${title}</var>
<arg>xpath:/html/body/div[2]/div/div/div[1]/div[4]/div[${i}]/div[2]/h3/a</arg>
<doc>Returns the text value of the element identified by ``locator``.</doc>
<msg timestamp="20220906 23:56:55.677" level="INFO">${title} = Audio API IOS沒聲音</msg>
<status status="PASS" starttime="20220906 23:56:55.658" endtime="20220906 23:56:55.677"/>
</kw>
<kw name="Should Be Equal As Strings" library="BuiltIn">
<arg>${title}</arg>
<arg>${inner_page_title}</arg>
<doc>Fails if objects are unequal after converting them to strings.</doc>
<status status="PASS" starttime="20220906 23:56:55.677" endtime="20220906 23:56:55.677"/>
</kw>
<status status="PASS" starttime="20220906 23:56:53.203" endtime="20220906 23:56:55.677"/>
</iter>
<iter>
<var name="${i}">17</var>
<kw name="Wait Until Element Is Visible" library="Selenium2Library">
<arg>xpath:${article_xpath}</arg>
<doc>Waits until the element ``locator`` is visible.</doc>
<status status="PASS" starttime="20220906 23:56:55.677" endtime="20220906 23:56:55.692"/>
</kw>
<kw name="Click Element" library="Selenium2Library">
<arg>xpath:/html/body/div[2]/div/div/div[1]/div[4]/div[${i}]/div[2]/h3/a</arg>
<doc>Click the element identified by ``locator``.</doc>
<msg timestamp="20220906 23:56:55.692" level="INFO">Clicking element 'xpath:/html/body/div[2]/div/div/div[1]/div[4]/div[17]/div[2]/h3/a'.</msg>
<status status="PASS" starttime="20220906 23:56:55.692" endtime="20220906 23:56:56.905"/>
</kw>
<kw name="Get Text" library="Selenium2Library">
<var>${inner_page_title}</var>
<arg>class:${innerpage_title_class}</arg>
<doc>Returns the text value of the element identified by ``locator``.</doc>
<msg timestamp="20220906 23:56:56.926" level="INFO">${inner_page_title} = 如何破解 tplink VPN 密碼？最好是暴力破解</msg>
<status status="PASS" starttime="20220906 23:56:56.905" endtime="20220906 23:56:56.926"/>
</kw>
<kw name="Go Back" library="Selenium2Library">
<doc>Simulates the user clicking the back button on their browser.</doc>
<status status="PASS" starttime="20220906 23:56:56.926" endtime="20220906 23:56:57.746"/>
</kw>
<kw name="Get Text" library="Selenium2Library">
<var>${title}</var>
<arg>xpath:/html/body/div[2]/div/div/div[1]/div[4]/div[${i}]/div[2]/h3/a</arg>
<doc>Returns the text value of the element identified by ``locator``.</doc>
<msg timestamp="20220906 23:56:57.763" level="INFO">${title} = 如何破解 tplink VPN 密碼？最好是暴力破解</msg>
<status status="PASS" starttime="20220906 23:56:57.746" endtime="20220906 23:56:57.763"/>
</kw>
<kw name="Should Be Equal As Strings" library="BuiltIn">
<arg>${title}</arg>
<arg>${inner_page_title}</arg>
<doc>Fails if objects are unequal after converting them to strings.</doc>
<status status="PASS" starttime="20220906 23:56:57.763" endtime="20220906 23:56:57.763"/>
</kw>
<status status="PASS" starttime="20220906 23:56:55.677" endtime="20220906 23:56:57.763"/>
</iter>
<iter>
<var name="${i}">18</var>
<kw name="Wait Until Element Is Visible" library="Selenium2Library">
<arg>xpath:${article_xpath}</arg>
<doc>Waits until the element ``locator`` is visible.</doc>
<status status="PASS" starttime="20220906 23:56:57.763" endtime="20220906 23:56:57.778"/>
</kw>
<kw name="Click Element" library="Selenium2Library">
<arg>xpath:/html/body/div[2]/div/div/div[1]/div[4]/div[${i}]/div[2]/h3/a</arg>
<doc>Click the element identified by ``locator``.</doc>
<msg timestamp="20220906 23:56:57.778" level="INFO">Clicking element 'xpath:/html/body/div[2]/div/div/div[1]/div[4]/div[18]/div[2]/h3/a'.</msg>
<status status="PASS" starttime="20220906 23:56:57.778" endtime="20220906 23:56:58.752"/>
</kw>
<kw name="Get Text" library="Selenium2Library">
<var>${inner_page_title}</var>
<arg>class:${innerpage_title_class}</arg>
<doc>Returns the text value of the element identified by ``locator``.</doc>
<msg timestamp="20220906 23:56:58.770" level="INFO">${inner_page_title} = 請教如何在python flask發信程式，處理寄送後收信者開信?</msg>
<status status="PASS" starttime="20220906 23:56:58.752" endtime="20220906 23:56:58.770"/>
</kw>
<kw name="Go Back" library="Selenium2Library">
<doc>Simulates the user clicking the back button on their browser.</doc>
<status status="PASS" starttime="20220906 23:56:58.770" endtime="20220906 23:56:59.411"/>
</kw>
<kw name="Get Text" library="Selenium2Library">
<var>${title}</var>
<arg>xpath:/html/body/div[2]/div/div/div[1]/div[4]/div[${i}]/div[2]/h3/a</arg>
<doc>Returns the text value of the element identified by ``locator``.</doc>
<msg timestamp="20220906 23:56:59.428" level="INFO">${title} = 請教如何在python flask發信程式，處理寄送後收信者開信?</msg>
<status status="PASS" starttime="20220906 23:56:59.411" endtime="20220906 23:56:59.428"/>
</kw>
<kw name="Should Be Equal As Strings" library="BuiltIn">
<arg>${title}</arg>
<arg>${inner_page_title}</arg>
<doc>Fails if objects are unequal after converting them to strings.</doc>
<status status="PASS" starttime="20220906 23:56:59.428" endtime="20220906 23:56:59.429"/>
</kw>
<status status="PASS" starttime="20220906 23:56:57.763" endtime="20220906 23:56:59.429"/>
</iter>
<iter>
<var name="${i}">19</var>
<kw name="Wait Until Element Is Visible" library="Selenium2Library">
<arg>xpath:${article_xpath}</arg>
<doc>Waits until the element ``locator`` is visible.</doc>
<status status="PASS" starttime="20220906 23:56:59.429" endtime="20220906 23:56:59.444"/>
</kw>
<kw name="Click Element" library="Selenium2Library">
<arg>xpath:/html/body/div[2]/div/div/div[1]/div[4]/div[${i}]/div[2]/h3/a</arg>
<doc>Click the element identified by ``locator``.</doc>
<msg timestamp="20220906 23:56:59.444" level="INFO">Clicking element 'xpath:/html/body/div[2]/div/div/div[1]/div[4]/div[19]/div[2]/h3/a'.</msg>
<status status="PASS" starttime="20220906 23:56:59.444" endtime="20220906 23:57:00.563"/>
</kw>
<kw name="Get Text" library="Selenium2Library">
<var>${inner_page_title}</var>
<arg>class:${innerpage_title_class}</arg>
<doc>Returns the text value of the element identified by ``locator``.</doc>
<msg timestamp="20220906 23:57:00.583" level="INFO">${inner_page_title} = 請問如果學過mvc要轉.net core容易學嗎?</msg>
<status status="PASS" starttime="20220906 23:57:00.564" endtime="20220906 23:57:00.583"/>
</kw>
<kw name="Go Back" library="Selenium2Library">
<doc>Simulates the user clicking the back button on their browser.</doc>
<status status="PASS" starttime="20220906 23:57:00.583" endtime="20220906 23:57:01.679"/>
</kw>
<kw name="Get Text" library="Selenium2Library">
<var>${title}</var>
<arg>xpath:/html/body/div[2]/div/div/div[1]/div[4]/div[${i}]/div[2]/h3/a</arg>
<doc>Returns the text value of the element identified by ``locator``.</doc>
<msg timestamp="20220906 23:57:01.697" level="INFO">${title} = 請問如果學過mvc要轉.net core容易學嗎?</msg>
<status status="PASS" starttime="20220906 23:57:01.679" endtime="20220906 23:57:01.697"/>
</kw>
<kw name="Should Be Equal As Strings" library="BuiltIn">
<arg>${title}</arg>
<arg>${inner_page_title}</arg>
<doc>Fails if objects are unequal after converting them to strings.</doc>
<status status="PASS" starttime="20220906 23:57:01.697" endtime="20220906 23:57:01.697"/>
</kw>
<status status="PASS" starttime="20220906 23:56:59.429" endtime="20220906 23:57:01.697"/>
</iter>
<iter>
<var name="${i}">20</var>
<kw name="Wait Until Element Is Visible" library="Selenium2Library">
<arg>xpath:${article_xpath}</arg>
<doc>Waits until the element ``locator`` is visible.</doc>
<status status="PASS" starttime="20220906 23:57:01.697" endtime="20220906 23:57:01.711"/>
</kw>
<kw name="Click Element" library="Selenium2Library">
<arg>xpath:/html/body/div[2]/div/div/div[1]/div[4]/div[${i}]/div[2]/h3/a</arg>
<doc>Click the element identified by ``locator``.</doc>
<msg timestamp="20220906 23:57:01.711" level="INFO">Clicking element 'xpath:/html/body/div[2]/div/div/div[1]/div[4]/div[20]/div[2]/h3/a'.</msg>
<status status="PASS" starttime="20220906 23:57:01.711" endtime="20220906 23:57:02.799"/>
</kw>
<kw name="Get Text" library="Selenium2Library">
<var>${inner_page_title}</var>
<arg>class:${innerpage_title_class}</arg>
<doc>Returns the text value of the element identified by ``locator``.</doc>
<msg timestamp="20220906 23:57:02.816" level="INFO">${inner_page_title} = C# webform 後端加入textbox要怎麼讀到value</msg>
<status status="PASS" starttime="20220906 23:57:02.799" endtime="20220906 23:57:02.816"/>
</kw>
<kw name="Go Back" library="Selenium2Library">
<doc>Simulates the user clicking the back button on their browser.</doc>
<status status="PASS" starttime="20220906 23:57:02.816" endtime="20220906 23:57:03.438"/>
</kw>
<kw name="Get Text" library="Selenium2Library">
<var>${title}</var>
<arg>xpath:/html/body/div[2]/div/div/div[1]/div[4]/div[${i}]/div[2]/h3/a</arg>
<doc>Returns the text value of the element identified by ``locator``.</doc>
<msg timestamp="20220906 23:57:03.456" level="INFO">${title} = C# webform 後端加入textbox要怎麼讀到value</msg>
<status status="PASS" starttime="20220906 23:57:03.438" endtime="20220906 23:57:03.456"/>
</kw>
<kw name="Should Be Equal As Strings" library="BuiltIn">
<arg>${title}</arg>
<arg>${inner_page_title}</arg>
<doc>Fails if objects are unequal after converting them to strings.</doc>
<status status="PASS" starttime="20220906 23:57:03.456" endtime="20220906 23:57:03.456"/>
</kw>
<status status="PASS" starttime="20220906 23:57:01.697" endtime="20220906 23:57:03.456"/>
</iter>
<iter>
<var name="${i}">21</var>
<kw name="Wait Until Element Is Visible" library="Selenium2Library">
<arg>xpath:${article_xpath}</arg>
<doc>Waits until the element ``locator`` is visible.</doc>
<status status="PASS" starttime="20220906 23:57:03.456" endtime="20220906 23:57:03.471"/>
</kw>
<kw name="Click Element" library="Selenium2Library">
<arg>xpath:/html/body/div[2]/div/div/div[1]/div[4]/div[${i}]/div[2]/h3/a</arg>
<doc>Click the element identified by ``locator``.</doc>
<msg timestamp="20220906 23:57:03.471" level="INFO">Clicking element 'xpath:/html/body/div[2]/div/div/div[1]/div[4]/div[21]/div[2]/h3/a'.</msg>
<status status="PASS" starttime="20220906 23:57:03.471" endtime="20220906 23:57:04.597"/>
</kw>
<kw name="Get Text" library="Selenium2Library">
<var>${inner_page_title}</var>
<arg>class:${innerpage_title_class}</arg>
<doc>Returns the text value of the element identified by ``locator``.</doc>
<msg timestamp="20220906 23:57:04.616" level="INFO">${inner_page_title} = CAT.5e和CAT.6的水晶頭是用一樣的接法嗎?求大神幫幫忙</msg>
<status status="PASS" starttime="20220906 23:57:04.597" endtime="20220906 23:57:04.616"/>
</kw>
<kw name="Go Back" library="Selenium2Library">
<doc>Simulates the user clicking the back button on their browser.</doc>
<status status="PASS" starttime="20220906 23:57:04.616" endtime="20220906 23:57:05.263"/>
</kw>
<kw name="Get Text" library="Selenium2Library">
<var>${title}</var>
<arg>xpath:/html/body/div[2]/div/div/div[1]/div[4]/div[${i}]/div[2]/h3/a</arg>
<doc>Returns the text value of the element identified by ``locator``.</doc>
<msg timestamp="20220906 23:57:05.282" level="INFO">${title} = CAT.5e和CAT.6的水晶頭是用一樣的接法嗎?求大神幫幫忙</msg>
<status status="PASS" starttime="20220906 23:57:05.263" endtime="20220906 23:57:05.282"/>
</kw>
<kw name="Should Be Equal As Strings" library="BuiltIn">
<arg>${title}</arg>
<arg>${inner_page_title}</arg>
<doc>Fails if objects are unequal after converting them to strings.</doc>
<status status="PASS" starttime="20220906 23:57:05.282" endtime="20220906 23:57:05.282"/>
</kw>
<status status="PASS" starttime="20220906 23:57:03.456" endtime="20220906 23:57:05.282"/>
</iter>
<iter>
<var name="${i}">22</var>
<kw name="Wait Until Element Is Visible" library="Selenium2Library">
<arg>xpath:${article_xpath}</arg>
<doc>Waits until the element ``locator`` is visible.</doc>
<status status="PASS" starttime="20220906 23:57:05.282" endtime="20220906 23:57:05.296"/>
</kw>
<kw name="Click Element" library="Selenium2Library">
<arg>xpath:/html/body/div[2]/div/div/div[1]/div[4]/div[${i}]/div[2]/h3/a</arg>
<doc>Click the element identified by ``locator``.</doc>
<msg timestamp="20220906 23:57:05.296" level="INFO">Clicking element 'xpath:/html/body/div[2]/div/div/div[1]/div[4]/div[22]/div[2]/h3/a'.</msg>
<status status="PASS" starttime="20220906 23:57:05.296" endtime="20220906 23:57:06.600"/>
</kw>
<kw name="Get Text" library="Selenium2Library">
<var>${inner_page_title}</var>
<arg>class:${innerpage_title_class}</arg>
<doc>Returns the text value of the element identified by ``locator``.</doc>
<msg timestamp="20220906 23:57:06.617" level="INFO">${inner_page_title} = GS1900交換器可以正常配發到IP，但卻PING不到這台L2交換器</msg>
<status status="PASS" starttime="20220906 23:57:06.600" endtime="20220906 23:57:06.617"/>
</kw>
<kw name="Go Back" library="Selenium2Library">
<doc>Simulates the user clicking the back button on their browser.</doc>
<status status="PASS" starttime="20220906 23:57:06.617" endtime="20220906 23:57:07.954"/>
</kw>
<kw name="Get Text" library="Selenium2Library">
<var>${title}</var>
<arg>xpath:/html/body/div[2]/div/div/div[1]/div[4]/div[${i}]/div[2]/h3/a</arg>
<doc>Returns the text value of the element identified by ``locator``.</doc>
<msg timestamp="20220906 23:57:07.975" level="INFO">${title} = GS1900交換器可以正常配發到IP，但卻PING不到這台L2交換器</msg>
<status status="PASS" starttime="20220906 23:57:07.954" endtime="20220906 23:57:07.975"/>
</kw>
<kw name="Should Be Equal As Strings" library="BuiltIn">
<arg>${title}</arg>
<arg>${inner_page_title}</arg>
<doc>Fails if objects are unequal after converting them to strings.</doc>
<status status="PASS" starttime="20220906 23:57:07.975" endtime="20220906 23:57:07.975"/>
</kw>
<status status="PASS" starttime="20220906 23:57:05.282" endtime="20220906 23:57:07.975"/>
</iter>
<iter>
<var name="${i}">23</var>
<kw name="Wait Until Element Is Visible" library="Selenium2Library">
<arg>xpath:${article_xpath}</arg>
<doc>Waits until the element ``locator`` is visible.</doc>
<status status="PASS" starttime="20220906 23:57:07.976" endtime="20220906 23:57:07.990"/>
</kw>
<kw name="Click Element" library="Selenium2Library">
<arg>xpath:/html/body/div[2]/div/div/div[1]/div[4]/div[${i}]/div[2]/h3/a</arg>
<doc>Click the element identified by ``locator``.</doc>
<msg timestamp="20220906 23:57:07.991" level="INFO">Clicking element 'xpath:/html/body/div[2]/div/div/div[1]/div[4]/div[23]/div[2]/h3/a'.</msg>
<status status="PASS" starttime="20220906 23:57:07.990" endtime="20220906 23:57:09.045"/>
</kw>
<kw name="Get Text" library="Selenium2Library">
<var>${inner_page_title}</var>
<arg>class:${innerpage_title_class}</arg>
<doc>Returns the text value of the element identified by ``locator``.</doc>
<msg timestamp="20220906 23:57:09.063" level="INFO">${inner_page_title} = 新手 IT 關於ABP的問題</msg>
<status status="PASS" starttime="20220906 23:57:09.045" endtime="20220906 23:57:09.063"/>
</kw>
<kw name="Go Back" library="Selenium2Library">
<doc>Simulates the user clicking the back button on their browser.</doc>
<status status="PASS" starttime="20220906 23:57:09.063" endtime="20220906 23:57:09.701"/>
</kw>
<kw name="Get Text" library="Selenium2Library">
<var>${title}</var>
<arg>xpath:/html/body/div[2]/div/div/div[1]/div[4]/div[${i}]/div[2]/h3/a</arg>
<doc>Returns the text value of the element identified by ``locator``.</doc>
<msg timestamp="20220906 23:57:09.719" level="INFO">${title} = 新手 IT 關於ABP的問題</msg>
<status status="PASS" starttime="20220906 23:57:09.701" endtime="20220906 23:57:09.719"/>
</kw>
<kw name="Should Be Equal As Strings" library="BuiltIn">
<arg>${title}</arg>
<arg>${inner_page_title}</arg>
<doc>Fails if objects are unequal after converting them to strings.</doc>
<status status="PASS" starttime="20220906 23:57:09.719" endtime="20220906 23:57:09.719"/>
</kw>
<status status="PASS" starttime="20220906 23:57:07.976" endtime="20220906 23:57:09.719"/>
</iter>
<iter>
<var name="${i}">24</var>
<kw name="Wait Until Element Is Visible" library="Selenium2Library">
<arg>xpath:${article_xpath}</arg>
<doc>Waits until the element ``locator`` is visible.</doc>
<status status="PASS" starttime="20220906 23:57:09.719" endtime="20220906 23:57:09.735"/>
</kw>
<kw name="Click Element" library="Selenium2Library">
<arg>xpath:/html/body/div[2]/div/div/div[1]/div[4]/div[${i}]/div[2]/h3/a</arg>
<doc>Click the element identified by ``locator``.</doc>
<msg timestamp="20220906 23:57:09.735" level="INFO">Clicking element 'xpath:/html/body/div[2]/div/div/div[1]/div[4]/div[24]/div[2]/h3/a'.</msg>
<status status="PASS" starttime="20220906 23:57:09.735" endtime="20220906 23:57:10.881"/>
</kw>
<kw name="Get Text" library="Selenium2Library">
<var>${inner_page_title}</var>
<arg>class:${innerpage_title_class}</arg>
<doc>Returns the text value of the element identified by ``locator``.</doc>
<msg timestamp="20220906 23:57:10.900" level="INFO">${inner_page_title} = 2022鐵人賽有許願池嗎</msg>
<status status="PASS" starttime="20220906 23:57:10.881" endtime="20220906 23:57:10.900"/>
</kw>
<kw name="Go Back" library="Selenium2Library">
<doc>Simulates the user clicking the back button on their browser.</doc>
<status status="PASS" starttime="20220906 23:57:10.900" endtime="20220906 23:57:11.644"/>
</kw>
<kw name="Get Text" library="Selenium2Library">
<var>${title}</var>
<arg>xpath:/html/body/div[2]/div/div/div[1]/div[4]/div[${i}]/div[2]/h3/a</arg>
<doc>Returns the text value of the element identified by ``locator``.</doc>
<msg timestamp="20220906 23:57:11.663" level="INFO">${title} = 2022鐵人賽有許願池嗎</msg>
<status status="PASS" starttime="20220906 23:57:11.645" endtime="20220906 23:57:11.663"/>
</kw>
<kw name="Should Be Equal As Strings" library="BuiltIn">
<arg>${title}</arg>
<arg>${inner_page_title}</arg>
<doc>Fails if objects are unequal after converting them to strings.</doc>
<status status="PASS" starttime="20220906 23:57:11.663" endtime="20220906 23:57:11.663"/>
</kw>
<status status="PASS" starttime="20220906 23:57:09.719" endtime="20220906 23:57:11.663"/>
</iter>
<iter>
<var name="${i}">25</var>
<kw name="Wait Until Element Is Visible" library="Selenium2Library">
<arg>xpath:${article_xpath}</arg>
<doc>Waits until the element ``locator`` is visible.</doc>
<status status="PASS" starttime="20220906 23:57:11.663" endtime="20220906 23:57:11.679"/>
</kw>
<kw name="Click Element" library="Selenium2Library">
<arg>xpath:/html/body/div[2]/div/div/div[1]/div[4]/div[${i}]/div[2]/h3/a</arg>
<doc>Click the element identified by ``locator``.</doc>
<msg timestamp="20220906 23:57:11.679" level="INFO">Clicking element 'xpath:/html/body/div[2]/div/div/div[1]/div[4]/div[25]/div[2]/h3/a'.</msg>
<status status="PASS" starttime="20220906 23:57:11.679" endtime="20220906 23:57:12.855"/>
</kw>
<kw name="Get Text" library="Selenium2Library">
<var>${inner_page_title}</var>
<arg>class:${innerpage_title_class}</arg>
<doc>Returns the text value of the element identified by ``locator``.</doc>
<msg timestamp="20220906 23:57:12.873" level="INFO">${inner_page_title} = DMZ區的servers安全問題</msg>
<status status="PASS" starttime="20220906 23:57:12.855" endtime="20220906 23:57:12.873"/>
</kw>
<kw name="Go Back" library="Selenium2Library">
<doc>Simulates the user clicking the back button on their browser.</doc>
<status status="PASS" starttime="20220906 23:57:12.873" endtime="20220906 23:57:13.580"/>
</kw>
<kw name="Get Text" library="Selenium2Library">
<var>${title}</var>
<arg>xpath:/html/body/div[2]/div/div/div[1]/div[4]/div[${i}]/div[2]/h3/a</arg>
<doc>Returns the text value of the element identified by ``locator``.</doc>
<msg timestamp="20220906 23:57:13.598" level="INFO">${title} = DMZ區的servers安全問題</msg>
<status status="PASS" starttime="20220906 23:57:13.580" endtime="20220906 23:57:13.598"/>
</kw>
<kw name="Should Be Equal As Strings" library="BuiltIn">
<arg>${title}</arg>
<arg>${inner_page_title}</arg>
<doc>Fails if objects are unequal after converting them to strings.</doc>
<status status="PASS" starttime="20220906 23:57:13.599" endtime="20220906 23:57:13.599"/>
</kw>
<status status="PASS" starttime="20220906 23:57:11.663" endtime="20220906 23:57:13.599"/>
</iter>
<iter>
<var name="${i}">26</var>
<kw name="Wait Until Element Is Visible" library="Selenium2Library">
<arg>xpath:${article_xpath}</arg>
<doc>Waits until the element ``locator`` is visible.</doc>
<status status="PASS" starttime="20220906 23:57:13.599" endtime="20220906 23:57:13.614"/>
</kw>
<kw name="Click Element" library="Selenium2Library">
<arg>xpath:/html/body/div[2]/div/div/div[1]/div[4]/div[${i}]/div[2]/h3/a</arg>
<doc>Click the element identified by ``locator``.</doc>
<msg timestamp="20220906 23:57:13.614" level="INFO">Clicking element 'xpath:/html/body/div[2]/div/div/div[1]/div[4]/div[26]/div[2]/h3/a'.</msg>
<status status="PASS" starttime="20220906 23:57:13.614" endtime="20220906 23:57:14.907"/>
</kw>
<kw name="Get Text" library="Selenium2Library">
<var>${inner_page_title}</var>
<arg>class:${innerpage_title_class}</arg>
<doc>Returns the text value of the element identified by ``locator``.</doc>
<msg timestamp="20220906 23:57:14.923" level="INFO">${inner_page_title} = Outlook信箱 在筆電登入無法同步桌機的子資料夾</msg>
<status status="PASS" starttime="20220906 23:57:14.907" endtime="20220906 23:57:14.923"/>
</kw>
<kw name="Go Back" library="Selenium2Library">
<doc>Simulates the user clicking the back button on their browser.</doc>
<status status="PASS" starttime="20220906 23:57:14.923" endtime="20220906 23:57:15.756"/>
</kw>
<kw name="Get Text" library="Selenium2Library">
<var>${title}</var>
<arg>xpath:/html/body/div[2]/div/div/div[1]/div[4]/div[${i}]/div[2]/h3/a</arg>
<doc>Returns the text value of the element identified by ``locator``.</doc>
<msg timestamp="20220906 23:57:15.773" level="INFO">${title} = Outlook信箱 在筆電登入無法同步桌機的子資料夾</msg>
<status status="PASS" starttime="20220906 23:57:15.757" endtime="20220906 23:57:15.773"/>
</kw>
<kw name="Should Be Equal As Strings" library="BuiltIn">
<arg>${title}</arg>
<arg>${inner_page_title}</arg>
<doc>Fails if objects are unequal after converting them to strings.</doc>
<status status="PASS" starttime="20220906 23:57:15.774" endtime="20220906 23:57:15.774"/>
</kw>
<status status="PASS" starttime="20220906 23:57:13.599" endtime="20220906 23:57:15.774"/>
</iter>
<iter>
<var name="${i}">27</var>
<kw name="Wait Until Element Is Visible" library="Selenium2Library">
<arg>xpath:${article_xpath}</arg>
<doc>Waits until the element ``locator`` is visible.</doc>
<status status="PASS" starttime="20220906 23:57:15.774" endtime="20220906 23:57:15.788"/>
</kw>
<kw name="Click Element" library="Selenium2Library">
<arg>xpath:/html/body/div[2]/div/div/div[1]/div[4]/div[${i}]/div[2]/h3/a</arg>
<doc>Click the element identified by ``locator``.</doc>
<msg timestamp="20220906 23:57:15.789" level="INFO">Clicking element 'xpath:/html/body/div[2]/div/div/div[1]/div[4]/div[27]/div[2]/h3/a'.</msg>
<status status="PASS" starttime="20220906 23:57:15.789" endtime="20220906 23:57:16.821"/>
</kw>
<kw name="Get Text" library="Selenium2Library">
<var>${inner_page_title}</var>
<arg>class:${innerpage_title_class}</arg>
<doc>Returns the text value of the element identified by ``locator``.</doc>
<msg timestamp="20220906 23:57:16.840" level="INFO">${inner_page_title} = cisco switch vlan1 是tag還是untag</msg>
<status status="PASS" starttime="20220906 23:57:16.821" endtime="20220906 23:57:16.841"/>
</kw>
<kw name="Go Back" library="Selenium2Library">
<doc>Simulates the user clicking the back button on their browser.</doc>
<status status="PASS" starttime="20220906 23:57:16.841" endtime="20220906 23:57:17.565"/>
</kw>
<kw name="Get Text" library="Selenium2Library">
<var>${title}</var>
<arg>xpath:/html/body/div[2]/div/div/div[1]/div[4]/div[${i}]/div[2]/h3/a</arg>
<doc>Returns the text value of the element identified by ``locator``.</doc>
<msg timestamp="20220906 23:57:17.583" level="INFO">${title} = cisco switch vlan1 是tag還是untag</msg>
<status status="PASS" starttime="20220906 23:57:17.566" endtime="20220906 23:57:17.583"/>
</kw>
<kw name="Should Be Equal As Strings" library="BuiltIn">
<arg>${title}</arg>
<arg>${inner_page_title}</arg>
<doc>Fails if objects are unequal after converting them to strings.</doc>
<status status="PASS" starttime="20220906 23:57:17.584" endtime="20220906 23:57:17.584"/>
</kw>
<status status="PASS" starttime="20220906 23:57:15.774" endtime="20220906 23:57:17.584"/>
</iter>
<iter>
<var name="${i}">28</var>
<kw name="Wait Until Element Is Visible" library="Selenium2Library">
<arg>xpath:${article_xpath}</arg>
<doc>Waits until the element ``locator`` is visible.</doc>
<status status="PASS" starttime="20220906 23:57:17.584" endtime="20220906 23:57:17.598"/>
</kw>
<kw name="Click Element" library="Selenium2Library">
<arg>xpath:/html/body/div[2]/div/div/div[1]/div[4]/div[${i}]/div[2]/h3/a</arg>
<doc>Click the element identified by ``locator``.</doc>
<msg timestamp="20220906 23:57:17.598" level="INFO">Clicking element 'xpath:/html/body/div[2]/div/div/div[1]/div[4]/div[28]/div[2]/h3/a'.</msg>
<status status="PASS" starttime="20220906 23:57:17.598" endtime="20220906 23:57:18.527"/>
</kw>
<kw name="Get Text" library="Selenium2Library">
<var>${inner_page_title}</var>
<arg>class:${innerpage_title_class}</arg>
<doc>Returns the text value of the element identified by ``locator``.</doc>
<msg timestamp="20220906 23:57:18.545" level="INFO">${inner_page_title} = 請問python安裝套件kiwisolver時No module named解決辦法?</msg>
<status status="PASS" starttime="20220906 23:57:18.527" endtime="20220906 23:57:18.545"/>
</kw>
<kw name="Go Back" library="Selenium2Library">
<doc>Simulates the user clicking the back button on their browser.</doc>
<status status="PASS" starttime="20220906 23:57:18.545" endtime="20220906 23:57:19.213"/>
</kw>
<kw name="Get Text" library="Selenium2Library">
<var>${title}</var>
<arg>xpath:/html/body/div[2]/div/div/div[1]/div[4]/div[${i}]/div[2]/h3/a</arg>
<doc>Returns the text value of the element identified by ``locator``.</doc>
<msg timestamp="20220906 23:57:19.229" level="INFO">${title} = 請問python安裝套件kiwisolver時No module named解決辦法?</msg>
<status status="PASS" starttime="20220906 23:57:19.213" endtime="20220906 23:57:19.229"/>
</kw>
<kw name="Should Be Equal As Strings" library="BuiltIn">
<arg>${title}</arg>
<arg>${inner_page_title}</arg>
<doc>Fails if objects are unequal after converting them to strings.</doc>
<status status="PASS" starttime="20220906 23:57:19.229" endtime="20220906 23:57:19.230"/>
</kw>
<status status="PASS" starttime="20220906 23:57:17.584" endtime="20220906 23:57:19.230"/>
</iter>
<iter>
<var name="${i}">29</var>
<kw name="Wait Until Element Is Visible" library="Selenium2Library">
<arg>xpath:${article_xpath}</arg>
<doc>Waits until the element ``locator`` is visible.</doc>
<status status="PASS" starttime="20220906 23:57:19.230" endtime="20220906 23:57:19.246"/>
</kw>
<kw name="Click Element" library="Selenium2Library">
<arg>xpath:/html/body/div[2]/div/div/div[1]/div[4]/div[${i}]/div[2]/h3/a</arg>
<doc>Click the element identified by ``locator``.</doc>
<msg timestamp="20220906 23:57:19.246" level="INFO">Clicking element 'xpath:/html/body/div[2]/div/div/div[1]/div[4]/div[29]/div[2]/h3/a'.</msg>
<status status="PASS" starttime="20220906 23:57:19.246" endtime="20220906 23:57:20.346"/>
</kw>
<kw name="Get Text" library="Selenium2Library">
<var>${inner_page_title}</var>
<arg>class:${innerpage_title_class}</arg>
<doc>Returns the text value of the element identified by ``locator``.</doc>
<msg timestamp="20220906 23:57:20.364" level="INFO">${inner_page_title} = 關於信件無法寄出請教</msg>
<status status="PASS" starttime="20220906 23:57:20.346" endtime="20220906 23:57:20.364"/>
</kw>
<kw name="Go Back" library="Selenium2Library">
<doc>Simulates the user clicking the back button on their browser.</doc>
<status status="PASS" starttime="20220906 23:57:20.364" endtime="20220906 23:57:21.051"/>
</kw>
<kw name="Get Text" library="Selenium2Library">
<var>${title}</var>
<arg>xpath:/html/body/div[2]/div/div/div[1]/div[4]/div[${i}]/div[2]/h3/a</arg>
<doc>Returns the text value of the element identified by ``locator``.</doc>
<msg timestamp="20220906 23:57:21.070" level="INFO">${title} = 關於信件無法寄出請教</msg>
<status status="PASS" starttime="20220906 23:57:21.052" endtime="20220906 23:57:21.070"/>
</kw>
<kw name="Should Be Equal As Strings" library="BuiltIn">
<arg>${title}</arg>
<arg>${inner_page_title}</arg>
<doc>Fails if objects are unequal after converting them to strings.</doc>
<status status="PASS" starttime="20220906 23:57:21.070" endtime="20220906 23:57:21.070"/>
</kw>
<status status="PASS" starttime="20220906 23:57:19.230" endtime="20220906 23:57:21.071"/>
</iter>
<iter>
<var name="${i}">30</var>
<kw name="Wait Until Element Is Visible" library="Selenium2Library">
<arg>xpath:${article_xpath}</arg>
<doc>Waits until the element ``locator`` is visible.</doc>
<status status="PASS" starttime="20220906 23:57:21.071" endtime="20220906 23:57:21.086"/>
</kw>
<kw name="Click Element" library="Selenium2Library">
<arg>xpath:/html/body/div[2]/div/div/div[1]/div[4]/div[${i}]/div[2]/h3/a</arg>
<doc>Click the element identified by ``locator``.</doc>
<msg timestamp="20220906 23:57:21.086" level="INFO">Clicking element 'xpath:/html/body/div[2]/div/div/div[1]/div[4]/div[30]/div[2]/h3/a'.</msg>
<status status="PASS" starttime="20220906 23:57:21.086" endtime="20220906 23:57:22.423"/>
</kw>
<kw name="Get Text" library="Selenium2Library">
<var>${inner_page_title}</var>
<arg>class:${innerpage_title_class}</arg>
<doc>Returns the text value of the element identified by ``locator``.</doc>
<msg timestamp="20220906 23:57:22.442" level="INFO">${inner_page_title} = 請問C# 練習題目的小問題</msg>
<status status="PASS" starttime="20220906 23:57:22.423" endtime="20220906 23:57:22.442"/>
</kw>
<kw name="Go Back" library="Selenium2Library">
<doc>Simulates the user clicking the back button on their browser.</doc>
<status status="PASS" starttime="20220906 23:57:22.442" endtime="20220906 23:57:23.127"/>
</kw>
<kw name="Get Text" library="Selenium2Library">
<var>${title}</var>
<arg>xpath:/html/body/div[2]/div/div/div[1]/div[4]/div[${i}]/div[2]/h3/a</arg>
<doc>Returns the text value of the element identified by ``locator``.</doc>
<msg timestamp="20220906 23:57:23.143" level="INFO">${title} = 請問C# 練習題目的小問題</msg>
<status status="PASS" starttime="20220906 23:57:23.127" endtime="20220906 23:57:23.143"/>
</kw>
<kw name="Should Be Equal As Strings" library="BuiltIn">
<arg>${title}</arg>
<arg>${inner_page_title}</arg>
<doc>Fails if objects are unequal after converting them to strings.</doc>
<status status="PASS" starttime="20220906 23:57:23.144" endtime="20220906 23:57:23.144"/>
</kw>
<status status="PASS" starttime="20220906 23:57:21.071" endtime="20220906 23:57:23.144"/>
</iter>
<status status="PASS" starttime="20220906 23:56:22.916" endtime="20220906 23:57:23.144"/>
</for>
<status status="PASS" starttime="20220906 23:56:22.916" endtime="20220906 23:57:23.144"/>
</kw>
<kw name="Close Browser" library="Selenium2Library" type="TEARDOWN">
<doc>Closes the current browser.</doc>
<status status="PASS" starttime="20220906 23:57:23.145" endtime="20220906 23:57:25.286"/>
</kw>
<status status="PASS" starttime="20220906 23:56:20.109" endtime="20220906 23:57:25.287"/>
</test>
<test id="s1-t5" name="Check technical qa url correct" line="20">
<kw name="Open Browser" library="Selenium2Library" type="SETUP">
<arg>https://ithelp.ithome.com.tw/</arg>
<arg>chrome</arg>
<doc>Opens a new browser instance to the optional ``url``.</doc>
<msg timestamp="20220906 23:57:25.292" level="INFO">Opening browser 'chrome' to base url 'https://ithelp.ithome.com.tw/'.</msg>
<status status="PASS" starttime="20220906 23:57:25.291" endtime="20220906 23:57:29.301"/>
</kw>
<kw name="technical_qa_url">
<kw name="Wait Until Element Is Visible" library="Selenium2Library">
<arg>xpath:${technical_qa_xpath}</arg>
<doc>Waits until the element ``locator`` is visible.</doc>
<status status="PASS" starttime="20220906 23:57:29.303" endtime="20220906 23:57:29.324"/>
</kw>
<kw name="Element Attribute Value Should Be" library="Selenium2Library">
<arg>xpath:${technical_qa_xpath}</arg>
<arg>href</arg>
<arg>${technical_qa_url}</arg>
<doc>Verifies element identified by ``locator`` contains expected attribute value.</doc>
<msg timestamp="20220906 23:57:29.340" level="INFO">Element 'xpath:/html/body/div[1]/nav/div[1]/div/ul[1]/li[1]/a' attribute 'href' contains value 'https://ithelp.ithome.com.tw/questions'.</msg>
<status status="PASS" starttime="20220906 23:57:29.324" endtime="20220906 23:57:29.341"/>
</kw>
<status status="PASS" starttime="20220906 23:57:29.302" endtime="20220906 23:57:29.341"/>
</kw>
<kw name="Close Browser" library="Selenium2Library" type="TEARDOWN">
<doc>Closes the current browser.</doc>
<status status="PASS" starttime="20220906 23:57:29.342" endtime="20220906 23:57:31.452"/>
</kw>
<status status="PASS" starttime="20220906 23:57:25.290" endtime="20220906 23:57:31.453"/>
</test>
<test id="s1-t6" name="Check technical article url correct" line="23">
<kw name="Open Browser" library="Selenium2Library" type="SETUP">
<arg>https://ithelp.ithome.com.tw/</arg>
<arg>chrome</arg>
<doc>Opens a new browser instance to the optional ``url``.</doc>
<msg timestamp="20220906 23:57:31.456" level="INFO">Opening browser 'chrome' to base url 'https://ithelp.ithome.com.tw/'.</msg>
<status status="PASS" starttime="20220906 23:57:31.455" endtime="20220906 23:57:34.502"/>
</kw>
<kw name="technical_article_url">
<kw name="Wait Until Element Is Visible" library="Selenium2Library">
<arg>xpath:${technical_article_xpath}</arg>
<doc>Waits until the element ``locator`` is visible.</doc>
<status status="PASS" starttime="20220906 23:57:34.503" endtime="20220906 23:57:34.529"/>
</kw>
<kw name="Element Attribute Value Should Be" library="Selenium2Library">
<arg>xpath:${technical_article_xpath}</arg>
<arg>href</arg>
<arg>${technical_article_url}</arg>
<doc>Verifies element identified by ``locator`` contains expected attribute value.</doc>
<msg timestamp="20220906 23:57:34.546" level="INFO">Element 'xpath:/html/body/div[1]/nav/div[1]/div/ul[1]/li[2]/a' attribute 'href' contains value 'https://ithelp.ithome.com.tw/articles?tab=tech'.</msg>
<status status="PASS" starttime="20220906 23:57:34.529" endtime="20220906 23:57:34.546"/>
</kw>
<status status="PASS" starttime="20220906 23:57:34.503" endtime="20220906 23:57:34.546"/>
</kw>
<kw name="Close Browser" library="Selenium2Library" type="TEARDOWN">
<doc>Closes the current browser.</doc>
<status status="PASS" starttime="20220906 23:57:34.547" endtime="20220906 23:57:36.659"/>
</kw>
<status status="PASS" starttime="20220906 23:57:31.454" endtime="20220906 23:57:36.659"/>
</test>
<test id="s1-t7" name="Check itrecruit url correct" line="26">
<kw name="Open Browser" library="Selenium2Library" type="SETUP">
<arg>https://ithelp.ithome.com.tw/</arg>
<arg>chrome</arg>
<doc>Opens a new browser instance to the optional ``url``.</doc>
<msg timestamp="20220906 23:57:36.661" level="INFO">Opening browser 'chrome' to base url 'https://ithelp.ithome.com.tw/'.</msg>
<status status="PASS" starttime="20220906 23:57:36.661" endtime="20220906 23:57:40.163"/>
</kw>
<kw name="itrecruit_url">
<kw name="Wait Until Element Is Visible" library="Selenium2Library">
<arg>xpath:${itrecruit_xpath}</arg>
<doc>Waits until the element ``locator`` is visible.</doc>
<status status="PASS" starttime="20220906 23:57:40.164" endtime="20220906 23:57:40.186"/>
</kw>
<kw name="Element Attribute Value Should Be" library="Selenium2Library">
<arg>xpath:${itrecruit_xpath}</arg>
<arg>href</arg>
<arg>${itrecruit_url}</arg>
<doc>Verifies element identified by ``locator`` contains expected attribute value.</doc>
<msg timestamp="20220906 23:57:40.202" level="INFO">Element 'xpath:/html/body/div[1]/nav/div[1]/div/ul[1]/li[3]/a' attribute 'href' contains value 'https://ithelp.ithome.com.tw/articles?tab=job'.</msg>
<status status="PASS" starttime="20220906 23:57:40.186" endtime="20220906 23:57:40.202"/>
</kw>
<status status="PASS" starttime="20220906 23:57:40.163" endtime="20220906 23:57:40.203"/>
</kw>
<kw name="Close Browser" library="Selenium2Library" type="TEARDOWN">
<doc>Closes the current browser.</doc>
<status status="PASS" starttime="20220906 23:57:40.203" endtime="20220906 23:57:42.304"/>
</kw>
<status status="PASS" starttime="20220906 23:57:36.660" endtime="20220906 23:57:42.304"/>
</test>
<test id="s1-t8" name="Check tag url correct" line="29">
<kw name="Open Browser" library="Selenium2Library" type="SETUP">
<arg>https://ithelp.ithome.com.tw/</arg>
<arg>chrome</arg>
<doc>Opens a new browser instance to the optional ``url``.</doc>
<msg timestamp="20220906 23:57:42.306" level="INFO">Opening browser 'chrome' to base url 'https://ithelp.ithome.com.tw/'.</msg>
<status status="PASS" starttime="20220906 23:57:42.306" endtime="20220906 23:57:45.300"/>
</kw>
<kw name="tag_url">
<kw name="Wait Until Element Is Visible" library="Selenium2Library">
<arg>xpath:${tag_xpath}</arg>
<doc>Waits until the element ``locator`` is visible.</doc>
<status status="PASS" starttime="20220906 23:57:45.301" endtime="20220906 23:57:45.323"/>
</kw>
<kw name="Element Attribute Value Should Be" library="Selenium2Library">
<arg>xpath:${tag_xpath}</arg>
<arg>href</arg>
<arg>${tag_url}</arg>
<doc>Verifies element identified by ``locator`` contains expected attribute value.</doc>
<msg timestamp="20220906 23:57:45.340" level="INFO">Element 'xpath:/html/body/div[1]/nav/div[1]/div/ul[1]/li[4]/a' attribute 'href' contains value 'https://ithelp.ithome.com.tw/tags'.</msg>
<status status="PASS" starttime="20220906 23:57:45.323" endtime="20220906 23:57:45.341"/>
</kw>
<status status="PASS" starttime="20220906 23:57:45.301" endtime="20220906 23:57:45.341"/>
</kw>
<kw name="Close Browser" library="Selenium2Library" type="TEARDOWN">
<doc>Closes the current browser.</doc>
<status status="PASS" starttime="20220906 23:57:45.341" endtime="20220906 23:57:47.458"/>
</kw>
<status status="PASS" starttime="20220906 23:57:42.306" endtime="20220906 23:57:47.458"/>
</test>
<test id="s1-t9" name="Check chatroom url correct" line="32">
<kw name="Open Browser" library="Selenium2Library" type="SETUP">
<arg>https://ithelp.ithome.com.tw/</arg>
<arg>chrome</arg>
<doc>Opens a new browser instance to the optional ``url``.</doc>
<msg timestamp="20220906 23:57:47.461" level="INFO">Opening browser 'chrome' to base url 'https://ithelp.ithome.com.tw/'.</msg>
<status status="PASS" starttime="20220906 23:57:47.461" endtime="20220906 23:57:51.134"/>
</kw>
<kw name="chatroom_url">
<kw name="Wait Until Element Is Visible" library="Selenium2Library">
<arg>xpath:${chatroom_xpath}</arg>
<doc>Waits until the element ``locator`` is visible.</doc>
<status status="PASS" starttime="20220906 23:57:51.135" endtime="20220906 23:57:51.157"/>
</kw>
<kw name="Element Attribute Value Should Be" library="Selenium2Library">
<arg>xpath:${chatroom_xpath}</arg>
<arg>href</arg>
<arg>${chatroom_url}</arg>
<doc>Verifies element identified by ``locator`` contains expected attribute value.</doc>
<msg timestamp="20220906 23:57:51.175" level="INFO">Element 'xpath:/html/body/div[1]/nav/div[1]/div/ul[1]/li[5]/a' attribute 'href' contains value 'https://ithelp.ithome.com.tw/talks'.</msg>
<status status="PASS" starttime="20220906 23:57:51.157" endtime="20220906 23:57:51.175"/>
</kw>
<status status="PASS" starttime="20220906 23:57:51.134" endtime="20220906 23:57:51.175"/>
</kw>
<kw name="Close Browser" library="Selenium2Library" type="TEARDOWN">
<doc>Closes the current browser.</doc>
<status status="PASS" starttime="20220906 23:57:51.175" endtime="20220906 23:57:53.283"/>
</kw>
<status status="PASS" starttime="20220906 23:57:47.460" endtime="20220906 23:57:53.285"/>
</test>
[...]
<arg>xpath:/html/body/div[2]/div/div/div[1]/div[4]/div[${i}]/div[2]/h3/a</arg>
<doc>Click the element identified by ``locator``.</doc>
<msg timestamp="20220907 00:00:47.430" level="INFO">Clicking element 'xpath:/html/body/div[2]/div/div/div[1]/div[4]/div[28]/div[2]/h3/a'.</msg>
<status status="PASS" starttime="20220907 00:00:47.430" endtime="20220907 00:00:48.590"/>
</kw>
<kw name="Element Should Be Visible" library="Selenium2Library">
<arg>xpath:${innerpage_solved_xpath}</arg>
<doc>Verifies that the element identified by ``locator`` is visible.</doc>
<msg timestamp="20220907 00:00:48.608" level="INFO">Element 'xpath:/html/body/div[2]/div/div/div[1]/div[4]/div[2]/div[1]/div[2]' is displayed.</msg>
<status status="PASS" starttime="20220907 00:00:48.590" endtime="20220907 00:00:48.608"/>
</kw>
<kw name="Go Back" library="Selenium2Library">
<doc>Simulates the user clicking the back button on their browser.</doc>
<status status="PASS" starttime="20220907 00:00:48.608" endtime="20220907 00:00:49.392"/>
</kw>
<status status="PASS" starttime="20220907 00:00:47.414" endtime="20220907 00:00:49.392"/>
</iter>
<iter>
<var name="${i}">29</var>
<kw name="Wait Until Element Is Visible" library="Selenium2Library">
<arg>xpath:${article_xpath}</arg>
<doc>Waits until the element ``locator`` is visible.</doc>
<status status="PASS" starttime="20220907 00:00:49.393" endtime="20220907 00:00:49.408"/>
</kw>
<kw name="Click Element" library="Selenium2Library">
<arg>xpath:/html/body/div[2]/div/div/div[1]/div[4]/div[${i}]/div[2]/h3/a</arg>
<doc>Click the element identified by ``locator``.</doc>
<msg timestamp="20220907 00:00:49.409" level="INFO">Clicking element 'xpath:/html/body/div[2]/div/div/div[1]/div[4]/div[29]/div[2]/h3/a'.</msg>
<status status="PASS" starttime="20220907 00:00:49.408" endtime="20220907 00:00:50.567"/>
</kw>
<kw name="Element Should Be Visible" library="Selenium2Library">
<arg>xpath:${innerpage_solved_xpath}</arg>
<doc>Verifies that the element identified by ``locator`` is visible.</doc>
<msg timestamp="20220907 00:00:50.583" level="INFO">Element 'xpath:/html/body/div[2]/div/div/div[1]/div[4]/div[2]/div[1]/div[2]' is displayed.</msg>
<status status="PASS" starttime="20220907 00:00:50.567" endtime="20220907 00:00:50.583"/>
</kw>
<kw name="Go Back" library="Selenium2Library">
<doc>Simulates the user clicking the back button on their browser.</doc>
<status status="PASS" starttime="20220907 00:00:50.583" endtime="20220907 00:00:51.257"/>
</kw>
<status status="PASS" starttime="20220907 00:00:49.393" endtime="20220907 00:00:51.257"/>
</iter>
<iter>
<var name="${i}">30</var>
<kw name="Wait Until Element Is Visible" library="Selenium2Library">
<arg>xpath:${article_xpath}</arg>
<doc>Waits until the element ``locator`` is visible.</doc>
<status status="PASS" starttime="20220907 00:00:51.257" endtime="20220907 00:00:51.272"/>
</kw>
<kw name="Click Element" library="Selenium2Library">
<arg>xpath:/html/body/div[2]/div/div/div[1]/div[4]/div[${i}]/div[2]/h3/a</arg>
<doc>Click the element identified by ``locator``.</doc>
<msg timestamp="20220907 00:00:51.272" level="INFO">Clicking element 'xpath:/html/body/div[2]/div/div/div[1]/div[4]/div[30]/div[2]/h3/a'.</msg>
<status status="PASS" starttime="20220907 00:00:51.272" endtime="20220907 00:00:52.507"/>
</kw>
<kw name="Element Should Be Visible" library="Selenium2Library">
<arg>xpath:${innerpage_solved_xpath}</arg>
<doc>Verifies that the element identified by ``locator`` is visible.</doc>
<msg timestamp="20220907 00:00:52.524" level="INFO">Element 'xpath:/html/body/div[2]/div/div/div[1]/div[4]/div[2]/div[1]/div[2]' is displayed.</msg>
<status status="PASS" starttime="20220907 00:00:52.507" endtime="20220907 00:00:52.524"/>
</kw>
<kw name="Go Back" library="Selenium2Library">
<doc>Simulates the user clicking the back button on their browser.</doc>
<status status="PASS" starttime="20220907 00:00:52.524" endtime="20220907 00:00:53.235"/>
</kw>
<status status="PASS" starttime="20220907 00:00:51.257" endtime="20220907 00:00:53.235"/>
</iter>
<status status="PASS" starttime="20220906 23:59:52.627" endtime="20220907 00:00:53.235"/>
</for>
<status status="PASS" starttime="20220906 23:59:50.567" endtime="20220907 00:00:53.235"/>
</kw>
<kw name="Close Browser" library="Selenium2Library" type="TEARDOWN">
<doc>Closes the current browser.</doc>
<status status="PASS" starttime="20220907 00:00:53.236" endtime="20220907 00:00:55.366"/>
</kw>
<status status="PASS" starttime="20220906 23:59:47.652" endtime="20220907 00:00:55.367"/>
</test>
<test id="s1-t13" name="Check logo picture url correct" line="44">
<kw name="Open Browser" library="Selenium2Library" type="SETUP">
<arg>https://ithelp.ithome.com.tw/</arg>
<arg>chrome</arg>
<doc>Opens a new browser instance to the optional ``url``.</doc>
<msg timestamp="20220907 00:00:55.372" level="INFO">Opening browser 'chrome' to base url 'https://ithelp.ithome.com.tw/'.</msg>
<status status="PASS" starttime="20220907 00:00:55.372" endtime="20220907 00:00:58.667"/>
</kw>
<kw name="logo_picture_url">
<kw name="Wait Until Element Is Visible" library="Selenium2Library">
<arg>xpath:${logo_xpath}</arg>
<doc>Waits until the element ``locator`` is visible.</doc>
<status status="PASS" starttime="20220907 00:00:58.668" endtime="20220907 00:00:58.691"/>
</kw>
<kw name="Element Attribute Value Should Be" library="Selenium2Library">
<arg>xpath:${logo_xpath}</arg>
<arg>src</arg>
<arg>${logo_url}</arg>
<doc>Verifies element identified by ``locator`` contains expected attribute value.</doc>
<msg timestamp="20220907 00:00:58.709" level="INFO">Element 'xpath:/html/body/div[1]/div[2]/h1/a/img' attribute 'src' contains value 'https://ithelp.ithome.com.tw/storage/image/logo.svg'.</msg>
<status status="PASS" starttime="20220907 00:00:58.692" endtime="20220907 00:00:58.709"/>
</kw>
<status status="PASS" starttime="20220907 00:00:58.668" endtime="20220907 00:00:58.709"/>
</kw>
<kw name="Close Browser" library="Selenium2Library" type="TEARDOWN">
<doc>Closes the current browser.</doc>
<status status="PASS" starttime="20220907 00:00:58.710" endtime="20220907 00:01:00.820"/>
</kw>
<status status="PASS" starttime="20220907 00:00:55.370" endtime="20220907 00:01:00.822"/>
</test>
<test id="s1-t14" name="Check nextpage button correct" line="47">
<kw name="Open Browser" library="Selenium2Library" type="SETUP">
<arg>https://ithelp.ithome.com.tw/</arg>
<arg>chrome</arg>
<doc>Opens a new browser instance to the optional ``url``.</doc>
<msg timestamp="20220907 00:01:00.829" level="INFO">Opening browser 'chrome' to base url 'https://ithelp.ithome.com.tw/'.</msg>
<status status="PASS" starttime="20220907 00:01:00.828" endtime="20220907 00:01:05.018"/>
</kw>
<kw name="nextpage_button">
<kw name="Wait Until Element Is Visible" library="Selenium2Library">
<arg>xpath:${nextpage_xpath}</arg>
<doc>Waits until the element ``locator`` is visible.</doc>
<status status="PASS" starttime="20220907 00:01:05.019" endtime="20220907 00:01:05.042"/>
</kw>
<kw name="Element Attribute Value Should Be" library="Selenium2Library">
<arg>xpath:${nextpage_xpath}</arg>
<arg>href</arg>
<arg>${nextpage_url}</arg>
<doc>Verifies element identified by ``locator`` contains expected attribute value.</doc>
<msg timestamp="20220907 00:01:05.058" level="INFO">Element 'xpath:/html/body/div[2]/div/div/div[1]/div[4]/div[31]/ul/li[13]/a' attribute 'href' contains value 'https://ithelp.ithome.com.tw/?page=2'.</msg>
<status status="PASS" starttime="20220907 00:01:05.042" endtime="20220907 00:01:05.058"/>
</kw>
<status status="PASS" starttime="20220907 00:01:05.019" endtime="20220907 00:01:05.058"/>
</kw>
<kw name="Close Browser" library="Selenium2Library" type="TEARDOWN">
<doc>Closes the current browser.</doc>
<status status="PASS" starttime="20220907 00:01:05.059" endtime="20220907 00:01:07.157"/>
</kw>
<status status="PASS" starttime="20220907 00:01:00.826" endtime="20220907 00:01:07.159"/>
</test>
<test id="s1-t15" name="Check previouspage button correct" line="50">
<kw name="Open Browser" library="Selenium2Library" type="SETUP">
<arg>https://ithelp.ithome.com.tw/</arg>
<arg>chrome</arg>
<doc>Opens a new browser instance to the optional ``url``.</doc>
<msg timestamp="20220907 00:01:07.165" level="INFO">Opening browser 'chrome' to base url 'https://ithelp.ithome.com.tw/'.</msg>
<status status="PASS" starttime="20220907 00:01:07.165" endtime="20220907 00:01:10.097"/>
</kw>
<kw name="previouspage_button">
<kw name="Wait Until Element Is Visible" library="Selenium2Library">
<arg>xpath:${nextpage_xpath}</arg>
<doc>Waits until the element ``locator`` is visible.</doc>
<status status="PASS" starttime="20220907 00:01:10.098" endtime="20220907 00:01:10.123"/>
</kw>
<kw name="Click Element" library="Selenium2Library">
<arg>xpath:${nextpage_xpath}</arg>
<doc>Click the element identified by ``locator``.</doc>
<msg timestamp="20220907 00:01:10.123" level="INFO">Clicking element 'xpath:/html/body/div[2]/div/div/div[1]/div[4]/div[31]/ul/li[13]/a'.</msg>
<status status="PASS" starttime="20220907 00:01:10.123" endtime="20220907 00:01:12.159"/>
</kw>
<kw name="Wait Until Element Is Visible" library="Selenium2Library">
<arg>xpath:${previouspage_xpath}</arg>
<doc>Waits until the element ``locator`` is visible.</doc>
<status status="PASS" starttime="20220907 00:01:12.159" endtime="20220907 00:01:12.179"/>
</kw>
<kw name="Element Attribute Value Should Be" library="Selenium2Library">
<arg>xpath:${previouspage_xpath}</arg>
<arg>href</arg>
<arg>${previouspage_url}</arg>
<doc>Verifies element identified by ``locator`` contains expected attribute value.</doc>
<msg timestamp="20220907 00:01:12.195" level="INFO">Element 'xpath:/html/body/div[2]/div/div/div[1]/div[3]/div[31]/ul/li[1]/a' attribute 'href' contains value 'https://ithelp.ithome.com.tw/?page=1'.</msg>
<status status="PASS" starttime="20220907 00:01:12.179" endtime="20220907 00:01:12.195"/>
</kw>
<status status="PASS" starttime="20220907 00:01:10.098" endtime="20220907 00:01:12.195"/>
</kw>
<kw name="Close Browser" library="Selenium2Library" type="TEARDOWN">
<doc>Closes the current browser.</doc>
<status status="PASS" starttime="20220907 00:01:12.196" endtime="20220907 00:01:14.311"/>
</kw>
<status status="PASS" starttime="20220907 00:01:07.163" endtime="20220907 00:01:14.311"/>
</test>
<test id="s1-t16" name="Check popular qa display showquantity correct" line="53">
<kw name="Open Browser" library="Selenium2Library" type="SETUP">
<arg>https://ithelp.ithome.com.tw/</arg>
<arg>chrome</arg>
<doc>Opens a new browser instance to the optional ``url``.</doc>
<msg timestamp="20220907 00:01:14.314" level="INFO">Opening browser 'chrome' to base url 'https://ithelp.ithome.com.tw/'.</msg>
<status status="PASS" starttime="20220907 00:01:14.314" endtime="20220907 00:01:17.677"/>
</kw>
<kw name="popular_qa_display_showquantity">
<kw name="Maximize Browser Window" library="Selenium2Library">
<doc>Maximizes current browser window.</doc>
<status status="PASS" starttime="20220907 00:01:17.678" endtime="20220907 00:01:17.800"/>
</kw>
<kw name="Wait Until Page Contains Element" library="Selenium2Library">
<arg>xpath:${popular_qa_xpath}</arg>
<doc>Waits until the element ``locator`` appears on the current page.</doc>
<status status="PASS" starttime="20220907 00:01:17.800" endtime="20220907 00:01:17.813"/>
</kw>
<kw name="Get Element Count" library="Selenium2Library">
<var>${count}</var>
<arg>xpath:${popular_qa_article_quantity_xpath}</arg>
<doc>Returns the number of elements matching ``locator``.</doc>
<msg timestamp="20220907 00:01:17.825" level="INFO">${count} = 5</msg>
<status status="PASS" starttime="20220907 00:01:17.813" endtime="20220907 00:01:17.825"/>
</kw>
<kw name="Should Be Equal" library="BuiltIn">
<arg>${count}</arg>
<arg>${5}</arg>
<doc>Fails if the given objects are unequal.</doc>
<status status="PASS" starttime="20220907 00:01:17.825" endtime="20220907 00:01:17.826"/>
</kw>
<status status="PASS" starttime="20220907 00:01:17.678" endtime="20220907 00:01:17.826"/>
</kw>
<kw name="Close Browser" library="Selenium2Library" type="TEARDOWN">
<doc>Closes the current browser.</doc>
<status status="PASS" starttime="20220907 00:01:17.826" endtime="20220907 00:01:19.940"/>
</kw>
<status status="PASS" starttime="20220907 00:01:14.313" endtime="20220907 00:01:19.940"/>
</test>
<test id="s1-t17" name="Check populararticles showquantity correct" line="56">
<kw name="Open Browser" library="Selenium2Library" type="SETUP">
<arg>https://ithelp.ithome.com.tw/</arg>
<arg>chrome</arg>
<doc>Opens a new browser instance to the optional ``url``.</doc>
<msg timestamp="20220907 00:01:19.942" level="INFO">Opening browser 'chrome' to base url 'https://ithelp.ithome.com.tw/'.</msg>
<status status="PASS" starttime="20220907 00:01:19.942" endtime="20220907 00:01:22.992"/>
</kw>
<kw name="populararticles_showquantity">
<kw name="Maximize Browser Window" library="Selenium2Library">
<doc>Maximizes current browser window.</doc>
<status status="PASS" starttime="20220907 00:01:22.993" endtime="20220907 00:01:23.121"/>
</kw>
<kw name="Wait Until Page Contains Element" library="Selenium2Library">
<arg>xpath:${populararticles_xpath}</arg>
<doc>Waits until the element ``locator`` appears on the current page.</doc>
<status status="PASS" starttime="20220907 00:01:23.122" endtime="20220907 00:01:23.136"/>
</kw>
<kw name="Get Element Count" library="Selenium2Library">
<var>${count}</var>
<arg>xpath:${populararticles_quantity_xpath}</arg>
<doc>Returns the number of elements matching ``locator``.</doc>
<msg timestamp="20220907 00:01:23.148" level="INFO">${count} = 5</msg>
<status status="PASS" starttime="20220907 00:01:23.136" endtime="20220907 00:01:23.149"/>
</kw>
<kw name="Should Be Equal" library="BuiltIn">
<arg>${count}</arg>
<arg>${5}</arg>
<doc>Fails if the given objects are unequal.</doc>
<status status="PASS" starttime="20220907 00:01:23.149" endtime="20220907 00:01:23.149"/>
</kw>
<status status="PASS" starttime="20220907 00:01:22.992" endtime="20220907 00:01:23.150"/>
</kw>
<kw name="Close Browser" library="Selenium2Library" type="TEARDOWN">
<doc>Closes the current browser.</doc>
<status status="PASS" starttime="20220907 00:01:23.151" endtime="20220907 00:01:25.260"/>
</kw>
<status status="PASS" starttime="20220907 00:01:19.941" endtime="20220907 00:01:25.261"/>
</test>
<test id="s1-t18" name="Check iTbanghelp facebook url correct" line="59">
<kw name="Open Browser" library="Selenium2Library" type="SETUP">
<arg>https://ithelp.ithome.com.tw/</arg>
<arg>chrome</arg>
<doc>Opens a new browser instance to the optional ``url``.</doc>
<msg timestamp="20220907 00:01:25.264" level="INFO">Opening browser 'chrome' to base url 'https://ithelp.ithome.com.tw/'.</msg>
<status status="PASS" starttime="20220907 00:01:25.263" endtime="20220907 00:01:28.452"/>
</kw>
<kw name="iTbanghelp_facebook_url">
<kw name="Maximize Browser Window" library="Selenium2Library">
<doc>Maximizes current browser window.</doc>
<status status="PASS" starttime="20220907 00:01:28.453" endtime="20220907 00:01:28.580"/>
</kw>
<kw name="Wait Until Page Contains Element" library="Selenium2Library">
<arg>xpath:${facebook_xpath}</arg>
<doc>Waits until the element ``locator`` appears on the current page.</doc>
<status status="PASS" starttime="20220907 00:01:28.580" endtime="20220907 00:01:28.600"/>
</kw>
<kw name="Element Attribute Value Should Be" library="Selenium2Library">
<arg>class:${facebook_classname}</arg>
<arg>data-href</arg>
<arg>${facebook_url}</arg>
<doc>Verifies element identified by ``locator`` contains expected attribute value.</doc>
<msg timestamp="20220907 00:01:28.624" level="INFO">Element 'class:fb-page' attribute 'data-href' contains value 'https://www.facebook.com/ithelpfans/'.</msg>
<status status="PASS" starttime="20220907 00:01:28.601" endtime="20220907 00:01:28.624"/>
</kw>
<status status="PASS" starttime="20220907 00:01:28.453" endtime="20220907 00:01:28.624"/>
</kw>
<kw name="Close Browser" library="Selenium2Library" type="TEARDOWN">
<doc>Closes the current browser.</doc>
<status status="PASS" starttime="20220907 00:01:28.625" endtime="20220907 00:01:30.736"/>
</kw>
<status status="PASS" starttime="20220907 00:01:25.263" endtime="20220907 00:01:30.737"/>
</test>
<test id="s1-t19" name="Check published advertise url correct" line="62">
<kw name="Open Browser" library="Selenium2Library" type="SETUP">
<arg>https://ithelp.ithome.com.tw/</arg>
<arg>chrome</arg>
<doc>Opens a new browser instance to the optional ``url``.</doc>
<msg timestamp="20220907 00:01:30.742" level="INFO">Opening browser 'chrome' to base url 'https://ithelp.ithome.com.tw/'.</msg>
<status status="PASS" starttime="20220907 00:01:30.741" endtime="20220907 00:01:33.622"/>
</kw>
<kw name="published_advertise_url">
<kw name="Wait Until Element Is Visible" library="Selenium2Library">
<arg>xpath:${published_advertise_xpath}</arg>
<doc>Waits until the element ``locator`` is visible.</doc>
<status status="PASS" starttime="20220907 00:01:33.623" endtime="20220907 00:01:33.648"/>
</kw>
<kw name="Element Attribute Value Should Be" library="Selenium2Library">
<arg>xpath:${published_advertise_xpath}</arg>
<arg>href</arg>
<arg>${published_advertise_url}</arg>
<doc>Verifies element identified by ``locator`` contains expected attribute value.</doc>
<msg timestamp="20220907 00:01:33.665" level="INFO">Element 'xpath:/html/body/footer/div/div/div/ul/li[2]/a' attribute 'href' contains value 'https://www.ithome.com.tw/aboutus/'.</msg>
<status status="PASS" starttime="20220907 00:01:33.649" endtime="20220907 00:01:33.665"/>
</kw>
<status status="PASS" starttime="20220907 00:01:33.623" endtime="20220907 00:01:33.666"/>
</kw>
<kw name="Close Browser" library="Selenium2Library" type="TEARDOWN">
<doc>Closes the current browser.</doc>
<status status="PASS" starttime="20220907 00:01:33.666" endtime="20220907 00:01:35.794"/>
</kw>
<status status="PASS" starttime="20220907 00:01:30.740" endtime="20220907 00:01:35.795"/>
</test>
<test id="s1-t20" name="Check authorize serve url correct" line="65">
<kw name="Open Browser" library="Selenium2Library" type="SETUP">
<arg>https://ithelp.ithome.com.tw/</arg>
<arg>chrome</arg>
<doc>Opens a new browser instance to the optional ``url``.</doc>
<msg timestamp="20220907 00:01:35.799" level="INFO">Opening browser 'chrome' to base url 'https://ithelp.ithome.com.tw/'.</msg>
<status status="PASS" starttime="20220907 00:01:35.798" endtime="20220907 00:01:39.190"/>
</kw>
<kw name="authorize_serve_url">
<kw name="Wait Until Element Is Visible" library="Selenium2Library">
<arg>xpath:${authorize_serve_xpath}</arg>
<doc>Waits until the element ``locator`` is visible.</doc>
<status status="PASS" starttime="20220907 00:01:39.191" endtime="20220907 00:01:39.214"/>
</kw>
<kw name="Element Attribute Value Should Be" library="Selenium2Library">
<arg>xpath:${authorize_serve_xpath}</arg>
<arg>href</arg>
<arg>${authorize_serve_url}</arg>
<doc>Verifies element identified by ``locator`` contains expected attribute value.</doc>
<msg timestamp="20220907 00:01:39.230" level="INFO">Element 'xpath:/html/body/footer/div/div/div/ul/li[3]/a' attribute 'href' contains value 'https://www.ithome.com.tw/aboutus/'.</msg>
<status status="PASS" starttime="20220907 00:01:39.214" endtime="20220907 00:01:39.231"/>
</kw>
<status status="PASS" starttime="20220907 00:01:39.191" endtime="20220907 00:01:39.231"/>
</kw>
<kw name="Close Browser" library="Selenium2Library" type="TEARDOWN">
<doc>Closes the current browser.</doc>
<status status="PASS" starttime="20220907 00:01:39.231" endtime="20220907 00:01:41.343"/>
</kw>
<status status="PASS" starttime="20220907 00:01:35.797" endtime="20220907 00:01:41.344"/>
</test>
<status status="PASS" starttime="20220906 23:56:01.464" endtime="20220907 00:01:41.350"/>
</suite>
<statistics>
<total>
<stat pass="20" fail="0" skip="0">All Tests</stat>
</total>
<tag>
</tag>
<suite>
<stat pass="20" fail="0" skip="0" id="s1" name="Index">Index</stat>
</suite>
</statistics>
<errors>
</errors>
</robot>
