<?xml version="1.0" encoding="UTF-8"?>
<robot generator="Robot 5.0.1 (Python 3.10.5 on win32)" generated="20220813 22:53:01.763" rpa="false" schemaversion="3">
<suite id="s1" name="Index" source="C:\Users\mlker\OneDrive\桌面\Robot Framework\index.robot">
<test id="s1-t1" name="Verify that the first title is myname" line="11">
<kw name="verifymyname">
<kw name="Open Browser" library="Selenium2Library">
<arg>https://www.google.com/</arg>
<arg>chrome</arg>
<doc>Opens a new browser instance to the optional ``url``.</doc>
<msg timestamp="20220813 22:53:01.997" level="INFO">Opening browser 'chrome' to base url 'https://www.google.com/'.</msg>
<status status="PASS" starttime="20220813 22:53:01.997" endtime="20220813 22:53:03.882"/>
</kw>
<kw name="Input Text" library="Selenium2Library">
<arg>xpath:/html/body/div[1]/div[3]/form/div[1]/div[1]/div[1]/div/div[2]/input</arg>
<arg>${myname}</arg>
<doc>Types the given ``text`` into the text field identified by ``locator``.</doc>
<msg timestamp="20220813 22:53:03.883" level="INFO">Typing text '戴棕鳴' into text field 'xpath:/html/body/div[1]/div[3]/form/div[1]/div[1]/div[1]/div/div[2]/input'.</msg>
<status status="PASS" starttime="20220813 22:53:03.882" endtime="20220813 22:53:03.945"/>
</kw>
<kw name="Press Keys" library="Selenium2Library">
<arg>None</arg>
<arg>ENTER</arg>
<doc>Simulates the user pressing key(s) to an element or on the active browser.</doc>
<msg timestamp="20220813 22:53:03.946" level="INFO">Sending key(s) ('ENTER',) to page.</msg>
<msg timestamp="20220813 22:53:03.946" level="INFO">Pressing special key ENTER to browser.</msg>
<msg timestamp="20220813 22:53:03.946" level="INFO">Releasing special key ENTER.</msg>
<status status="PASS" starttime="20220813 22:53:03.945" endtime="20220813 22:53:04.885"/>
</kw>
<kw name="Get Text" library="Selenium2Library">
<var>${firsttitle}</var>
<arg>xpath://*[@id="rso"]/div[1]/div/div/div/div[1]/div/div/div[1]/div/a/h3</arg>
<doc>Returns the text value of the element identified by ``locator``.</doc>
<msg timestamp="20220813 22:53:04.916" level="INFO">${firsttitle} = 戴棕鳴</msg>
<status status="PASS" starttime="20220813 22:53:04.886" endtime="20220813 22:53:04.916"/>
</kw>
<kw name="Should Contain" library="BuiltIn">
<arg>${firsttitle}</arg>
<arg>${myname}</arg>
<doc>Fails if ``container`` does not contain ``item`` one or more times.</doc>
<status status="PASS" starttime="20220813 22:53:04.916" endtime="20220813 22:53:04.916"/>
</kw>
<kw name="Close Browser" library="Selenium2Library">
<doc>Closes the current browser.</doc>
<status status="PASS" starttime="20220813 22:53:04.916" endtime="20220813 22:53:07.009"/>
</kw>
<status status="PASS" starttime="20220813 22:53:01.996" endtime="20220813 22:53:07.009"/>
</kw>
<status status="PASS" starttime="20220813 22:53:01.995" endtime="20220813 22:53:07.010"/>
</test>
<status status="PASS" starttime="20220813 22:53:01.765" endtime="20220813 22:53:07.011"/>
</suite>
<statistics>
<total>
<stat pass="1" fail="0" skip="0">All Tests</stat>
</total>
<tag>
</tag>
<suite>
<stat pass="1" fail="0" skip="0" id="s1" name="Index">Index</stat>
</suite>
</statistics>
<errors>
</errors>
</robot>
